2025-12-14 17:32:16.454 [info] [main] Log level: Info
2025-12-14 17:32:16.455 [info] [main] Validating found git in: "git"
2025-12-14 17:32:16.455 [info] [main] Using git "2.52.0" from "git"
2025-12-14 17:32:16.455 [info] [Model][doInitialScan] Initial repository scan started
2025-12-14 17:32:16.455 [info] > git rev-parse --show-toplevel [13ms]
2025-12-14 17:32:16.455 [info] > git rev-parse --git-dir --git-common-dir --show-superproject-working-tree [7ms]
2025-12-14 17:32:16.455 [info] [Model][openRepository] Opened repository (path): /home/abhi/DRUX_OS
2025-12-14 17:32:16.455 [info] [Model][openRepository] Opened repository (real path): /home/abhi/DRUX_OS
2025-12-14 17:32:16.455 [info] [Model][openRepository] Opened repository (kind): repository
2025-12-14 17:32:16.455 [info] > git rev-parse --show-toplevel [2ms]
2025-12-14 17:32:16.455 [info] fatal: not a git repository (or any of the parent directories): .git
2025-12-14 17:32:16.455 [info] > git config --get commit.template [6ms]
2025-12-14 17:32:16.455 [info] > git rev-parse --show-toplevel [3ms]
2025-12-14 17:32:16.455 [info] > git for-each-ref --format=%(refname)%00%(upstream:short)%00%(objectname)%00%(upstream:track)%00%(upstream:remotename)%00%(upstream:remoteref) refs/heads/main refs/remotes/main [4ms]
2025-12-14 17:32:16.455 [warning] [Git][revParse] Unable to read file: ENOENT: no such file or directory, open '/home/abhi/DRUX_OS/.git/refs/remotes/origin/main'
2025-12-14 17:32:16.455 [info] > git rev-parse --show-toplevel [4ms]
2025-12-14 17:32:16.455 [info] > git rev-parse refs/remotes/origin/main [26ms]
2025-12-14 17:32:16.455 [info] > git rev-parse --show-toplevel [30ms]
2025-12-14 17:32:16.458 [info] > git for-each-ref --sort -committerdate --format %(refname)%00%(objectname)%00%(*objectname) [31ms]
2025-12-14 17:32:16.480 [info] > git rev-parse --show-toplevel [22ms]
2025-12-14 17:32:16.491 [info] > git rev-parse --show-toplevel [4ms]
2025-12-14 17:32:16.495 [info] > git rev-parse --show-toplevel [1ms]
2025-12-14 17:32:16.498 [info] [Model][doInitialScan] Initial repository scan completed - repositories (1), closed repositories (0), parent repositories (0), unsafe repositories (0)
2025-12-14 17:32:16.875 [info] > git check-ignore -v -z --stdin [1ms]
2025-12-14 17:32:17.569 [info] > git status -z -uall [1146ms]
2025-12-14 17:32:17.585 [info] > git for-each-ref --format=%(refname)%00%(upstream:short)%00%(objectname)%00%(upstream:track)%00%(upstream:remotename)%00%(upstream:remoteref) refs/heads/main refs/remotes/main [5ms]
2025-12-14 17:32:17.588 [info] > git config --get commit.template [2ms]
2025-12-14 17:32:17.588 [info] > git config --get --local branch.main.vscode-merge-base [1ms]
2025-12-14 17:32:17.592 [info] > git for-each-ref --format=%(refname)%00%(upstream:short)%00%(objectname)%00%(upstream:track)%00%(upstream:remotename)%00%(upstream:remoteref) refs/heads/origin/main refs/remotes/origin/main [2ms]
2025-12-14 17:32:17.595 [info] > git for-each-ref --format=%(refname)%00%(upstream:short)%00%(objectname)%00%(upstream:track)%00%(upstream:remotename)%00%(upstream:remoteref) refs/heads/main refs/remotes/main [3ms]
2025-12-14 17:32:17.596 [warning] [Git][revParse] Unable to read file: ENOENT: no such file or directory, open '/home/abhi/DRUX_OS/.git/refs/remotes/origin/main'
2025-12-14 17:32:17.597 [info] > git merge-base refs/heads/main refs/remotes/origin/main [3ms]
2025-12-14 17:32:17.599 [info] > git rev-parse refs/remotes/origin/main [3ms]
2025-12-14 17:32:17.602 [info] > git diff --name-status -z --diff-filter=ADMR --find-renames=50% d84f3c8e3d674cd79da234866088719a5f623099...refs/remotes/origin/main -- [3ms]
2025-12-14 17:32:17.603 [info] > git for-each-ref --sort -committerdate --format %(refname)%00%(objectname)%00%(*objectname) [1ms]
2025-12-14 17:32:18.668 [info] > git status -z -uall [1068ms]
