2025-12-14 17:44:20.736 [info] Reading sessions from keychain...
2025-12-14 17:44:20.736 [info] Got stored sessions!
2025-12-14 17:44:20.736 [info] Got 1 verified sessions.
2025-12-14 17:44:20.736 [info] Getting sessions for all scopes...
2025-12-14 17:44:20.736 [info] Got 1 sessions for ...
2025-12-14 17:44:20.736 [info] Getting sessions for all scopes...
2025-12-14 17:44:20.736 [info] Got 1 sessions for ...
2025-12-14 17:44:20.736 [info] Getting sessions for all scopes...
2025-12-14 17:44:20.736 [info] Got 1 sessions for ...
2025-12-14 17:44:20.736 [info] Getting sessions for all scopes...
2025-12-14 17:44:20.736 [info] Got 1 sessions for ...
2025-12-14 17:44:20.736 [info] Getting sessions for all scopes...
2025-12-14 17:44:20.736 [info] Got 1 sessions for ...
2025-12-14 17:44:20.736 [info] Getting sessions for user:email...
2025-12-14 17:44:20.736 [info] Got 1 sessions for user:email...
2025-12-14 17:44:20.736 [info] Getting sessions for all scopes...
2025-12-14 17:44:20.736 [info] Got 1 sessions for ...
2025-12-14 17:44:20.736 [info] Getting sessions for all scopes...
2025-12-14 17:44:20.736 [info] Got 1 sessions for ...
2025-12-14 17:44:20.736 [info] Getting sessions for all scopes...
2025-12-14 17:44:20.736 [info] Got 1 sessions for ...
2025-12-14 17:44:20.736 [info] Getting sessions for all scopes...
2025-12-14 17:44:20.736 [info] Got 1 sessions for ...
2025-12-14 17:44:20.736 [info] Getting sessions for all scopes...
2025-12-14 17:44:20.736 [info] Got 1 sessions for ...
2025-12-14 17:44:20.736 [info] Getting sessions for all scopes...
2025-12-14 17:44:20.736 [info] Got 1 sessions for ...
2025-12-14 17:44:20.736 [info] Getting sessions for all scopes...
2025-12-14 17:44:20.736 [info] Got 1 sessions for ...
2025-12-14 17:44:20.736 [info] Getting sessions for all scopes...
2025-12-14 17:44:20.736 [info] Got 1 sessions for ...
2025-12-14 17:44:20.736 [info] Getting sessions for all scopes...
2025-12-14 17:44:20.736 [info] Got 1 sessions for ...
2025-12-14 17:44:20.736 [info] Getting sessions for all scopes...
2025-12-14 17:44:20.736 [info] Got 1 sessions for ...
2025-12-14 17:44:20.736 [info] Getting sessions for all scopes...
2025-12-14 17:44:20.736 [info] Got 1 sessions for ...
2025-12-14 17:44:20.736 [info] Getting sessions for all scopes...
2025-12-14 17:44:20.736 [info] Got 1 sessions for ...
2025-12-14 17:44:20.736 [info] Getting sessions for all scopes...
2025-12-14 17:44:20.736 [info] Got 1 sessions for ...
2025-12-14 17:44:20.736 [info] Getting sessions for read:user,repo,user:email,workflow...
2025-12-14 17:44:20.736 [info] Got 0 sessions for read:user,repo,user:email,workflow...
2025-12-14 17:44:20.962 [info] Getting sessions for user:email...
2025-12-14 17:44:20.962 [info] Got 1 sessions for user:email...
2025-12-14 17:44:20.962 [info] Getting sessions for read:user,repo,user:email,workflow...
2025-12-14 17:44:20.962 [info] Got 0 sessions for read:user,repo,user:email,workflow...
2025-12-14 17:44:21.015 [info] Getting sessions for user:email...
2025-12-14 17:44:21.015 [info] Got 1 sessions for user:email...
2025-12-14 17:44:21.052 [info] Getting sessions for all scopes...
2025-12-14 17:44:21.052 [info] Got 1 sessions for ...
2025-12-14 17:44:21.078 [info] Getting sessions for read:user,repo,user:email,workflow...
2025-12-14 17:44:21.078 [info] Got 0 sessions for read:user,repo,user:email,workflow...
2025-12-14 17:44:21.093 [info] Getting sessions for user:email...
2025-12-14 17:44:21.093 [info] Got 1 sessions for user:email...
2025-12-14 17:44:21.210 [info] Getting sessions for all scopes...
2025-12-14 17:44:21.210 [info] Got 1 sessions for ...
2025-12-14 17:44:21.210 [info] Getting sessions for all scopes...
2025-12-14 17:44:21.210 [info] Got 1 sessions for ...
2025-12-14 17:44:21.228 [info] Getting sessions for read:user,repo,user:email,workflow...
2025-12-14 17:44:21.228 [info] Got 0 sessions for read:user,repo,user:email,workflow...
2025-12-14 17:44:21.247 [info] Getting sessions for user:email...
2025-12-14 17:44:21.247 [info] Got 1 sessions for user:email...
2025-12-14 17:44:21.247 [info] Getting sessions for read:user,repo,user:email,workflow...
2025-12-14 17:44:21.248 [info] Got 0 sessions for read:user,repo,user:email,workflow...
2025-12-14 17:44:21.762 [info] Getting sessions for all scopes...
2025-12-14 17:44:21.762 [info] Got 1 sessions for ...
2025-12-14 17:44:21.762 [info] Getting sessions for all scopes...
2025-12-14 17:44:21.762 [info] Got 1 sessions for ...
2025-12-14 17:44:21.768 [info] Getting sessions for read:user,repo,user:email,workflow...
2025-12-14 17:44:21.768 [info] Got 0 sessions for read:user,repo,user:email,workflow...
2025-12-14 17:44:21.777 [info] Getting sessions for user:email...
2025-12-14 17:44:21.777 [info] Got 1 sessions for user:email...
2025-12-14 17:44:21.777 [info] Getting sessions for read:user,repo,user:email,workflow...
2025-12-14 17:44:21.777 [info] Got 0 sessions for read:user,repo,user:email,workflow...
2025-12-14 17:44:21.858 [info] FetcherService: Electron fetch failed with status: 429 
2025-12-14 17:44:21.872 [info] Getting sessions for all scopes...
2025-12-14 17:44:21.872 [info] Got 1 sessions for ...
2025-12-14 17:44:21.873 [info] Getting sessions for all scopes...
2025-12-14 17:44:21.873 [info] Got 1 sessions for ...
2025-12-14 17:44:21.885 [info] Getting sessions for all scopes...
2025-12-14 17:44:21.885 [info] Got 1 sessions for ...
2025-12-14 17:44:21.885 [info] Getting sessions for all scopes...
2025-12-14 17:44:21.885 [info] Got 1 sessions for ...
2025-12-14 17:44:21.906 [info] Getting sessions for read:user,repo,user:email,workflow...
2025-12-14 17:44:21.906 [info] Got 0 sessions for read:user,repo,user:email,workflow...
2025-12-14 17:44:21.909 [info] Getting sessions for user:email...
2025-12-14 17:44:21.909 [info] Got 1 sessions for user:email...
2025-12-14 17:44:21.915 [info] Getting sessions for read:user,repo,user:email,workflow...
2025-12-14 17:44:21.915 [info] Got 0 sessions for read:user,repo,user:email,workflow...
2025-12-14 17:44:24.707 [info] FetcherService: Node fetch failed with status: 429 Too Many Requests
2025-12-14 17:44:28.142 [info] FetcherService: Node http/s failed with status: 429 Too Many Requests
