2025-12-14 17:34:27.006 [info] Reading sessions from keychain...
2025-12-14 17:34:27.006 [info] Getting sessions for all scopes...
2025-12-14 17:34:27.006 [info] Got 0 sessions for ...
2025-12-14 17:34:27.006 [info] Getting sessions for all scopes...
2025-12-14 17:34:27.006 [info] Got 0 sessions for ...
2025-12-14 17:34:27.006 [info] Getting sessions for all scopes...
2025-12-14 17:34:27.006 [info] Got 0 sessions for ...
2025-12-14 17:34:27.006 [info] Getting sessions for all scopes...
2025-12-14 17:34:27.006 [info] Got 0 sessions for ...
2025-12-14 17:34:27.006 [info] Getting sessions for all scopes...
2025-12-14 17:34:27.006 [info] Got 0 sessions for ...
2025-12-14 17:34:27.006 [info] Getting sessions for all scopes...
2025-12-14 17:34:27.006 [info] Got 0 sessions for ...
2025-12-14 17:34:27.006 [info] Getting sessions for all scopes...
2025-12-14 17:34:27.006 [info] Got 0 sessions for ...
2025-12-14 17:34:27.032 [info] Getting sessions for all scopes...
2025-12-14 17:34:27.032 [info] Got 0 sessions for ...
2025-12-14 17:34:27.032 [info] Getting sessions for all scopes...
2025-12-14 17:34:27.032 [info] Got 0 sessions for ...
2025-12-14 17:34:27.032 [info] Getting sessions for all scopes...
2025-12-14 17:34:27.032 [info] Got 0 sessions for ...
2025-12-14 17:34:27.032 [info] Getting sessions for all scopes...
2025-12-14 17:34:27.032 [info] Got 0 sessions for ...
2025-12-14 17:34:27.033 [info] Getting sessions for all scopes...
2025-12-14 17:34:27.033 [info] Got 0 sessions for ...
2025-12-14 17:34:27.033 [info] Getting sessions for all scopes...
2025-12-14 17:34:27.033 [info] Got 0 sessions for ...
2025-12-14 17:34:27.156 [info] Getting sessions for all scopes...
2025-12-14 17:34:27.156 [info] Got 0 sessions for ...
2025-12-14 17:34:27.167 [info] Getting sessions for all scopes...
2025-12-14 17:34:27.167 [info] Got 0 sessions for ...
2025-12-14 17:34:29.042 [info] Getting sessions for all scopes...
2025-12-14 17:34:29.042 [info] Got 0 sessions for ...
2025-12-14 17:41:09.175 [info] Getting sessions for user:email...
2025-12-14 17:41:09.175 [info] Got 0 sessions for user:email...
2025-12-14 17:41:13.518 [info] Logging in with 'any' account...
2025-12-14 17:41:13.518 [info] Logging in for the following scopes: user:email
2025-12-14 17:41:13.527 [info] Trying with local server... (user:email)
2025-12-14 17:42:00.412 [info] Exchanging code for token...
2025-12-14 17:42:00.953 [info] Token exchange success!
2025-12-14 17:42:00.954 [info] Getting user info...
2025-12-14 17:42:01.465 [info] Got account info!
2025-12-14 17:42:01.465 [info] Storing 1 sessions...
2025-12-14 17:42:01.467 [info] Reading sessions from keychain...
2025-12-14 17:42:01.467 [info] Stored 1 sessions!
2025-12-14 17:42:01.467 [info] Login success!
2025-12-14 17:42:01.467 [info] Getting sessions for all scopes...
2025-12-14 17:42:01.468 [info] Got stored sessions!
2025-12-14 17:42:01.468 [info] Got 1 verified sessions.
2025-12-14 17:42:01.468 [info] Got 1 sessions for ...
2025-12-14 17:42:01.468 [info] Getting sessions for all scopes...
2025-12-14 17:42:01.468 [info] Got 1 sessions for ...
2025-12-14 17:42:01.469 [info] Getting sessions for user:email...
2025-12-14 17:42:01.469 [info] Got 1 sessions for user:email...
2025-12-14 17:42:01.469 [info] Getting sessions for all scopes...
2025-12-14 17:42:01.469 [info] Got 1 sessions for ...
2025-12-14 17:42:02.664 [info] FetcherService: Electron fetch failed with status: 429 
2025-12-14 17:42:03.537 [info] FetcherService: Node fetch failed with status: 429 Too Many Requests
2025-12-14 17:42:05.012 [info] FetcherService: Node http/s failed with status: 429 Too Many Requests
2025-12-14 17:42:20.446 [info] Getting sessions for all scopes...
2025-12-14 17:42:20.446 [info] Got 1 sessions for ...
2025-12-14 17:42:20.447 [info] Getting sessions for all scopes...
2025-12-14 17:42:20.447 [info] Got 1 sessions for ...
2025-12-14 17:42:20.497 [info] Getting sessions for read:user,repo,user:email,workflow...
2025-12-14 17:42:20.498 [info] Got 0 sessions for read:user,repo,user:email,workflow...
2025-12-14 17:42:20.499 [info] Getting sessions for user:email...
2025-12-14 17:42:20.499 [info] Got 1 sessions for user:email...
2025-12-14 17:42:20.499 [info] Getting sessions for read:user,repo,user:email,workflow...
2025-12-14 17:42:20.499 [info] Got 0 sessions for read:user,repo,user:email,workflow...
2025-12-14 17:42:20.501 [info] Getting sessions for all scopes...
2025-12-14 17:42:20.501 [info] Got 1 sessions for ...
2025-12-14 17:42:20.501 [info] Getting sessions for read:user,repo,user:email,workflow...
2025-12-14 17:42:20.501 [info] Got 0 sessions for read:user,repo,user:email,workflow...
2025-12-14 17:42:20.502 [info] Getting sessions for user:email...
2025-12-14 17:42:20.502 [info] Got 1 sessions for user:email...
2025-12-14 17:42:20.968 [info] Getting sessions for all scopes...
2025-12-14 17:42:20.968 [info] Got 1 sessions for ...
2025-12-14 17:42:20.968 [info] Getting sessions for all scopes...
2025-12-14 17:42:20.968 [info] Got 1 sessions for ...
2025-12-14 17:42:20.973 [info] Getting sessions for read:user,repo,user:email,workflow...
2025-12-14 17:42:20.973 [info] Got 0 sessions for read:user,repo,user:email,workflow...
2025-12-14 17:42:20.989 [info] Getting sessions for user:email...
2025-12-14 17:42:20.989 [info] Got 1 sessions for user:email...
2025-12-14 17:42:20.989 [info] Getting sessions for read:user,repo,user:email,workflow...
2025-12-14 17:42:20.989 [info] Got 0 sessions for read:user,repo,user:email,workflow...
2025-12-14 17:42:21.010 [info] Getting sessions for all scopes...
2025-12-14 17:42:21.010 [info] Got 1 sessions for ...
2025-12-14 17:42:21.070 [info] Getting sessions for all scopes...
2025-12-14 17:42:21.070 [info] Got 1 sessions for ...
2025-12-14 17:42:21.205 [info] Getting sessions for all scopes...
2025-12-14 17:42:21.205 [info] Got 1 sessions for ...
2025-12-14 17:42:21.207 [info] Getting sessions for all scopes...
2025-12-14 17:42:21.207 [info] Got 1 sessions for ...
2025-12-14 17:42:21.207 [info] Getting sessions for read:user,repo,user:email,workflow...
2025-12-14 17:42:21.207 [info] Got 0 sessions for read:user,repo,user:email,workflow...
2025-12-14 17:42:21.423 [info] Getting sessions for user:email...
2025-12-14 17:42:21.423 [info] Got 1 sessions for user:email...
2025-12-14 17:42:21.423 [info] Getting sessions for read:user,repo,user:email,workflow...
2025-12-14 17:42:21.423 [info] Got 0 sessions for read:user,repo,user:email,workflow...
2025-12-14 17:42:21.425 [info] Getting sessions for all scopes...
2025-12-14 17:42:21.425 [info] Got 1 sessions for ...
2025-12-14 17:42:21.426 [info] Getting sessions for read:user,repo,user:email,workflow...
2025-12-14 17:42:21.426 [info] Got 0 sessions for read:user,repo,user:email,workflow...
2025-12-14 17:42:21.426 [info] Getting sessions for user:email...
2025-12-14 17:42:21.426 [info] Got 1 sessions for user:email...
