2025-12-14 17:47:37.298 [info] Reading sessions from keychain...
2025-12-14 17:47:37.298 [info] Got stored sessions!
2025-12-14 17:47:37.298 [info] Got 1 verified sessions.
2025-12-14 17:47:37.298 [info] Getting sessions for all scopes...
2025-12-14 17:47:37.298 [info] Got 1 sessions for ...
2025-12-14 17:47:37.298 [info] Getting sessions for all scopes...
2025-12-14 17:47:37.298 [info] Got 1 sessions for ...
2025-12-14 17:47:37.298 [info] Getting sessions for all scopes...
2025-12-14 17:47:37.298 [info] Got 1 sessions for ...
2025-12-14 17:47:37.298 [info] Getting sessions for all scopes...
2025-12-14 17:47:37.298 [info] Got 1 sessions for ...
2025-12-14 17:47:37.298 [info] Getting sessions for all scopes...
2025-12-14 17:47:37.298 [info] Got 1 sessions for ...
2025-12-14 17:47:37.298 [info] Getting sessions for user:email...
2025-12-14 17:47:37.298 [info] Got 1 sessions for user:email...
2025-12-14 17:47:37.298 [info] Getting sessions for all scopes...
2025-12-14 17:47:37.298 [info] Got 1 sessions for ...
2025-12-14 17:47:37.298 [info] Getting sessions for all scopes...
2025-12-14 17:47:37.298 [info] Got 1 sessions for ...
2025-12-14 17:47:37.298 [info] Getting sessions for all scopes...
2025-12-14 17:47:37.298 [info] Got 1 sessions for ...
2025-12-14 17:47:37.298 [info] Getting sessions for all scopes...
2025-12-14 17:47:37.298 [info] Got 1 sessions for ...
2025-12-14 17:47:37.298 [info] Getting sessions for all scopes...
2025-12-14 17:47:37.298 [info] Got 1 sessions for ...
2025-12-14 17:47:37.298 [info] Getting sessions for all scopes...
2025-12-14 17:47:37.298 [info] Got 1 sessions for ...
2025-12-14 17:47:37.298 [info] Getting sessions for all scopes...
2025-12-14 17:47:37.298 [info] Got 1 sessions for ...
2025-12-14 17:47:37.298 [info] Getting sessions for all scopes...
2025-12-14 17:47:37.298 [info] Got 1 sessions for ...
2025-12-14 17:47:37.298 [info] Getting sessions for all scopes...
2025-12-14 17:47:37.298 [info] Got 1 sessions for ...
2025-12-14 17:47:37.298 [info] Getting sessions for all scopes...
2025-12-14 17:47:37.298 [info] Got 1 sessions for ...
2025-12-14 17:47:37.298 [info] Getting sessions for all scopes...
2025-12-14 17:47:37.298 [info] Got 1 sessions for ...
2025-12-14 17:47:37.298 [info] Getting sessions for all scopes...
2025-12-14 17:47:37.298 [info] Got 1 sessions for ...
2025-12-14 17:47:37.298 [info] Getting sessions for all scopes...
2025-12-14 17:47:37.298 [info] Got 1 sessions for ...
2025-12-14 17:47:37.298 [info] Getting sessions for read:user,repo,user:email,workflow...
2025-12-14 17:47:37.298 [info] Got 0 sessions for read:user,repo,user:email,workflow...
2025-12-14 17:47:37.556 [info] Getting sessions for user:email...
2025-12-14 17:47:37.556 [info] Got 1 sessions for user:email...
2025-12-14 17:47:37.556 [info] Getting sessions for read:user,repo,user:email,workflow...
2025-12-14 17:47:37.556 [info] Got 0 sessions for read:user,repo,user:email,workflow...
2025-12-14 17:47:37.653 [info] Getting sessions for user:email...
2025-12-14 17:47:37.654 [info] Got 1 sessions for user:email...
2025-12-14 17:47:37.705 [info] Getting sessions for all scopes...
2025-12-14 17:47:37.705 [info] Got 1 sessions for ...
2025-12-14 17:47:37.715 [info] Getting sessions for read:user,repo,user:email,workflow...
2025-12-14 17:47:37.715 [info] Got 0 sessions for read:user,repo,user:email,workflow...
2025-12-14 17:47:37.722 [info] Getting sessions for user:email...
2025-12-14 17:47:37.722 [info] Got 1 sessions for user:email...
2025-12-14 17:47:37.834 [info] Getting sessions for all scopes...
2025-12-14 17:47:37.834 [info] Got 1 sessions for ...
2025-12-14 17:47:37.834 [info] Getting sessions for all scopes...
2025-12-14 17:47:37.834 [info] Got 1 sessions for ...
2025-12-14 17:47:37.851 [info] Getting sessions for read:user,repo,user:email,workflow...
2025-12-14 17:47:37.851 [info] Got 0 sessions for read:user,repo,user:email,workflow...
2025-12-14 17:47:37.864 [info] Getting sessions for user:email...
2025-12-14 17:47:37.864 [info] Got 1 sessions for user:email...
2025-12-14 17:47:37.865 [info] Getting sessions for read:user,repo,user:email,workflow...
2025-12-14 17:47:37.865 [info] Got 0 sessions for read:user,repo,user:email,workflow...
2025-12-14 17:47:38.370 [info] FetcherService: Electron fetch failed with status: 429 
2025-12-14 17:47:38.412 [info] Getting sessions for all scopes...
2025-12-14 17:47:38.412 [info] Got 1 sessions for ...
2025-12-14 17:47:38.421 [info] Getting sessions for all scopes...
2025-12-14 17:47:38.421 [info] Got 1 sessions for ...
2025-12-14 17:47:38.436 [info] Getting sessions for read:user,repo,user:email,workflow...
2025-12-14 17:47:38.436 [info] Got 0 sessions for read:user,repo,user:email,workflow...
2025-12-14 17:47:38.446 [info] Getting sessions for user:email...
2025-12-14 17:47:38.446 [info] Got 1 sessions for user:email...
2025-12-14 17:47:38.446 [info] Getting sessions for read:user,repo,user:email,workflow...
2025-12-14 17:47:38.446 [info] Got 0 sessions for read:user,repo,user:email,workflow...
2025-12-14 17:47:38.523 [info] Getting sessions for all scopes...
2025-12-14 17:47:38.523 [info] Got 1 sessions for ...
2025-12-14 17:47:38.530 [info] Getting sessions for all scopes...
2025-12-14 17:47:38.530 [info] Got 1 sessions for ...
2025-12-14 17:47:38.530 [info] Getting sessions for all scopes...
2025-12-14 17:47:38.530 [info] Got 1 sessions for ...
2025-12-14 17:47:38.537 [info] Getting sessions for all scopes...
2025-12-14 17:47:38.537 [info] Got 1 sessions for ...
2025-12-14 17:47:38.561 [info] Getting sessions for read:user,repo,user:email,workflow...
2025-12-14 17:47:38.561 [info] Got 0 sessions for read:user,repo,user:email,workflow...
2025-12-14 17:47:38.606 [info] Getting sessions for user:email...
2025-12-14 17:47:38.606 [info] Got 1 sessions for user:email...
2025-12-14 17:47:38.606 [info] Getting sessions for read:user,repo,user:email,workflow...
2025-12-14 17:47:38.606 [info] Got 0 sessions for read:user,repo,user:email,workflow...
2025-12-14 17:47:38.623 [info] Getting sessions for all scopes...
2025-12-14 17:47:38.623 [info] Got 1 sessions for ...
2025-12-14 17:47:38.624 [info] Getting sessions for read:user,repo,user:email,workflow...
2025-12-14 17:47:38.624 [info] Got 0 sessions for read:user,repo,user:email,workflow...
2025-12-14 17:47:38.624 [info] Getting sessions for user:email...
2025-12-14 17:47:38.624 [info] Got 1 sessions for user:email...
2025-12-14 17:47:40.907 [info] FetcherService: Node fetch failed with status: 429 Too Many Requests
2025-12-14 17:48:00.335 [info] FetcherService: Node http/s failed with status: 429 Too Many Requests
2025-12-14 17:48:46.925 [info] Getting sessions for all scopes...
2025-12-14 17:48:46.925 [info] Got 1 sessions for ...
2025-12-14 17:48:46.930 [info] Getting sessions for all scopes...
2025-12-14 17:48:46.930 [info] Got 1 sessions for ...
