2025-12-14 17:47:35.642 [info] Reading sessions from keychain...
2025-12-14 17:47:35.642 [info] Got stored sessions!
2025-12-14 17:47:35.642 [info] Got 1 verified sessions.
2025-12-14 17:47:35.642 [info] Getting sessions for all scopes...
2025-12-14 17:47:35.642 [info] Got 1 sessions for ...
2025-12-14 17:47:35.642 [info] Getting sessions for all scopes...
2025-12-14 17:47:35.642 [info] Got 1 sessions for ...
2025-12-14 17:47:35.642 [info] Getting sessions for all scopes...
2025-12-14 17:47:35.642 [info] Got 1 sessions for ...
2025-12-14 17:47:35.642 [info] Getting sessions for all scopes...
2025-12-14 17:47:35.642 [info] Got 1 sessions for ...
2025-12-14 17:47:35.642 [info] Getting sessions for all scopes...
2025-12-14 17:47:35.643 [info] Got 1 sessions for ...
2025-12-14 17:47:35.643 [info] Getting sessions for user:email...
2025-12-14 17:47:35.643 [info] Got 1 sessions for user:email...
2025-12-14 17:47:35.643 [info] Getting sessions for all scopes...
2025-12-14 17:47:35.643 [info] Got 1 sessions for ...
2025-12-14 17:47:35.643 [info] Getting sessions for all scopes...
2025-12-14 17:47:35.643 [info] Got 1 sessions for ...
2025-12-14 17:47:35.643 [info] Getting sessions for all scopes...
2025-12-14 17:47:35.643 [info] Got 1 sessions for ...
2025-12-14 17:47:35.643 [info] Getting sessions for all scopes...
2025-12-14 17:47:35.643 [info] Got 1 sessions for ...
2025-12-14 17:47:35.643 [info] Getting sessions for all scopes...
2025-12-14 17:47:35.643 [info] Got 1 sessions for ...
2025-12-14 17:47:35.643 [info] Getting sessions for all scopes...
2025-12-14 17:47:35.643 [info] Got 1 sessions for ...
2025-12-14 17:47:35.643 [info] Getting sessions for all scopes...
2025-12-14 17:47:35.643 [info] Got 1 sessions for ...
2025-12-14 17:47:35.643 [info] Getting sessions for all scopes...
2025-12-14 17:47:35.643 [info] Got 1 sessions for ...
2025-12-14 17:47:35.643 [info] Getting sessions for all scopes...
2025-12-14 17:47:35.643 [info] Got 1 sessions for ...
2025-12-14 17:47:35.643 [info] Getting sessions for all scopes...
2025-12-14 17:47:35.643 [info] Got 1 sessions for ...
2025-12-14 17:47:35.643 [info] Getting sessions for all scopes...
2025-12-14 17:47:35.643 [info] Got 1 sessions for ...
2025-12-14 17:47:35.643 [info] Getting sessions for all scopes...
2025-12-14 17:47:35.643 [info] Got 1 sessions for ...
2025-12-14 17:47:35.643 [info] Getting sessions for all scopes...
2025-12-14 17:47:35.643 [info] Got 1 sessions for ...
2025-12-14 17:47:35.643 [info] Getting sessions for read:user,repo,user:email,workflow...
2025-12-14 17:47:35.643 [info] Got 0 sessions for read:user,repo,user:email,workflow...
2025-12-14 17:47:35.670 [info] Getting sessions for user:email...
2025-12-14 17:47:35.670 [info] Got 1 sessions for user:email...
2025-12-14 17:47:35.671 [info] Getting sessions for read:user,repo,user:email,workflow...
2025-12-14 17:47:35.671 [info] Got 0 sessions for read:user,repo,user:email,workflow...
2025-12-14 17:47:35.786 [info] Getting sessions for user:email...
2025-12-14 17:47:35.786 [info] Got 1 sessions for user:email...
2025-12-14 17:47:35.991 [info] Getting sessions for all scopes...
2025-12-14 17:47:35.991 [info] Got 1 sessions for ...
2025-12-14 17:47:36.161 [info] Getting sessions for all scopes...
2025-12-14 17:47:36.161 [info] Got 1 sessions for ...
2025-12-14 17:47:36.162 [info] Getting sessions for all scopes...
2025-12-14 17:47:36.162 [info] Got 1 sessions for ...
2025-12-14 17:47:36.162 [info] Getting sessions for all scopes...
2025-12-14 17:47:36.162 [info] Got 1 sessions for ...
2025-12-14 17:47:36.466 [info] Getting sessions for read:user,repo,user:email,workflow...
2025-12-14 17:47:36.466 [info] Got 0 sessions for read:user,repo,user:email,workflow...
2025-12-14 17:47:36.644 [info] Getting sessions for user:email...
2025-12-14 17:47:36.644 [info] Got 1 sessions for user:email...
2025-12-14 17:47:36.645 [info] Getting sessions for read:user,repo,user:email,workflow...
2025-12-14 17:47:36.645 [info] Got 0 sessions for read:user,repo,user:email,workflow...
2025-12-14 17:47:37.403 [info] Getting sessions for all scopes...
2025-12-14 17:47:37.403 [info] Got 1 sessions for ...
2025-12-14 17:47:37.403 [info] Getting sessions for all scopes...
2025-12-14 17:47:37.403 [info] Got 1 sessions for ...
2025-12-14 17:47:37.412 [info] Getting sessions for read:user,repo,user:email,workflow...
2025-12-14 17:47:37.412 [info] Got 0 sessions for read:user,repo,user:email,workflow...
2025-12-14 17:47:37.413 [info] Getting sessions for user:email...
2025-12-14 17:47:37.413 [info] Got 1 sessions for user:email...
2025-12-14 17:47:37.413 [info] Getting sessions for read:user,repo,user:email,workflow...
2025-12-14 17:47:37.413 [info] Got 0 sessions for read:user,repo,user:email,workflow...
2025-12-14 17:47:37.515 [info] Getting sessions for all scopes...
2025-12-14 17:47:37.515 [info] Got 1 sessions for ...
2025-12-14 17:47:37.516 [info] Getting sessions for all scopes...
2025-12-14 17:47:37.516 [info] Got 1 sessions for ...
2025-12-14 17:47:37.523 [info] Getting sessions for all scopes...
2025-12-14 17:47:37.523 [info] Got 1 sessions for ...
2025-12-14 17:47:37.525 [info] Getting sessions for all scopes...
2025-12-14 17:47:37.525 [info] Got 1 sessions for ...
2025-12-14 17:47:37.528 [info] Getting sessions for read:user,repo,user:email,workflow...
2025-12-14 17:47:37.528 [info] Got 0 sessions for read:user,repo,user:email,workflow...
2025-12-14 17:47:37.530 [info] Getting sessions for user:email...
2025-12-14 17:47:37.530 [info] Got 1 sessions for user:email...
2025-12-14 17:47:37.531 [info] Getting sessions for read:user,repo,user:email,workflow...
2025-12-14 17:47:37.531 [info] Got 0 sessions for read:user,repo,user:email,workflow...
2025-12-14 17:47:37.572 [info] FetcherService: Electron fetch failed with status: 429 
2025-12-14 17:47:37.574 [info] Getting sessions for all scopes...
2025-12-14 17:47:37.574 [info] Got 1 sessions for ...
2025-12-14 17:47:37.587 [info] Getting sessions for read:user,repo,user:email,workflow...
2025-12-14 17:47:37.588 [info] Got 0 sessions for read:user,repo,user:email,workflow...
2025-12-14 17:47:37.588 [info] Getting sessions for user:email...
2025-12-14 17:47:37.588 [info] Got 1 sessions for user:email...
2025-12-14 17:47:38.327 [info] Getting sessions for read:user,repo,user:email,workflow...
2025-12-14 17:47:38.327 [info] Got 0 sessions for read:user,repo,user:email,workflow...
2025-12-14 17:47:39.397 [info] Getting sessions for all scopes...
2025-12-14 17:47:39.397 [info] Got 1 sessions for ...
2025-12-14 17:47:39.398 [info] Getting sessions for read:user,repo,user:email,workflow...
2025-12-14 17:47:39.398 [info] Got 0 sessions for read:user,repo,user:email,workflow...
2025-12-14 17:47:39.398 [info] Getting sessions for read:user,repo,user:email,workflow...
2025-12-14 17:47:39.398 [info] Got 0 sessions for read:user,repo,user:email,workflow...
2025-12-14 17:47:39.399 [info] Getting sessions for all scopes...
2025-12-14 17:47:39.399 [info] Got 1 sessions for ...
2025-12-14 17:47:39.399 [info] Getting sessions for read:user,repo,user:email,workflow...
2025-12-14 17:47:39.399 [info] Got 0 sessions for read:user,repo,user:email,workflow...
2025-12-14 17:47:39.400 [info] Getting sessions for user:email...
2025-12-14 17:47:39.400 [info] Got 1 sessions for user:email...
2025-12-14 17:47:39.420 [info] FetcherService: Node fetch failed with status: 429 Too Many Requests
2025-12-14 17:47:42.151 [info] FetcherService: Node http/s failed with status: 429 Too Many Requests
