2025-12-14 17:43:28.792 [info] Reading sessions from keychain...
2025-12-14 17:43:28.792 [info] Getting sessions for all scopes...
2025-12-14 17:43:28.792 [info] Got stored sessions!
2025-12-14 17:43:28.792 [info] Got 1 verified sessions.
2025-12-14 17:43:28.792 [info] Got 1 sessions for ...
2025-12-14 17:43:28.792 [info] Getting sessions for all scopes...
2025-12-14 17:43:28.792 [info] Got 1 sessions for ...
2025-12-14 17:43:28.792 [info] Getting sessions for all scopes...
2025-12-14 17:43:28.792 [info] Got 1 sessions for ...
2025-12-14 17:43:28.792 [info] Getting sessions for all scopes...
2025-12-14 17:43:28.792 [info] Got 1 sessions for ...
2025-12-14 17:43:28.792 [info] Getting sessions for all scopes...
2025-12-14 17:43:28.792 [info] Got 1 sessions for ...
2025-12-14 17:43:28.792 [info] Getting sessions for user:email...
2025-12-14 17:43:28.792 [info] Got 1 sessions for user:email...
2025-12-14 17:43:28.792 [info] Getting sessions for all scopes...
2025-12-14 17:43:28.792 [info] Got 1 sessions for ...
2025-12-14 17:43:28.792 [info] Getting sessions for all scopes...
2025-12-14 17:43:28.792 [info] Got 1 sessions for ...
2025-12-14 17:43:28.792 [info] Getting sessions for all scopes...
2025-12-14 17:43:28.792 [info] Got 1 sessions for ...
2025-12-14 17:43:28.792 [info] Getting sessions for all scopes...
2025-12-14 17:43:28.792 [info] Got 1 sessions for ...
2025-12-14 17:43:28.792 [info] Getting sessions for all scopes...
2025-12-14 17:43:28.792 [info] Got 1 sessions for ...
2025-12-14 17:43:28.792 [info] Getting sessions for all scopes...
2025-12-14 17:43:28.792 [info] Got 1 sessions for ...
2025-12-14 17:43:28.792 [info] Getting sessions for all scopes...
2025-12-14 17:43:28.792 [info] Got 1 sessions for ...
2025-12-14 17:43:28.792 [info] Getting sessions for all scopes...
2025-12-14 17:43:28.792 [info] Got 1 sessions for ...
2025-12-14 17:43:28.792 [info] Getting sessions for all scopes...
2025-12-14 17:43:28.792 [info] Got 1 sessions for ...
2025-12-14 17:43:28.792 [info] Getting sessions for all scopes...
2025-12-14 17:43:28.792 [info] Got 1 sessions for ...
2025-12-14 17:43:28.792 [info] Getting sessions for all scopes...
2025-12-14 17:43:28.792 [info] Got 1 sessions for ...
2025-12-14 17:43:28.792 [info] Getting sessions for all scopes...
2025-12-14 17:43:28.792 [info] Got 1 sessions for ...
2025-12-14 17:43:28.792 [info] Getting sessions for all scopes...
2025-12-14 17:43:28.792 [info] Got 1 sessions for ...
2025-12-14 17:43:28.792 [info] Getting sessions for read:user,repo,user:email,workflow...
2025-12-14 17:43:28.792 [info] Got 0 sessions for read:user,repo,user:email,workflow...
2025-12-14 17:43:28.803 [info] Getting sessions for user:email...
2025-12-14 17:43:28.803 [info] Got 1 sessions for user:email...
2025-12-14 17:43:28.803 [info] Getting sessions for read:user,repo,user:email,workflow...
2025-12-14 17:43:28.803 [info] Got 0 sessions for read:user,repo,user:email,workflow...
2025-12-14 17:43:28.812 [info] Getting sessions for user:email...
2025-12-14 17:43:28.812 [info] Got 1 sessions for user:email...
2025-12-14 17:43:28.909 [info] Getting sessions for all scopes...
2025-12-14 17:43:28.909 [info] Got 1 sessions for ...
2025-12-14 17:43:28.944 [info] Getting sessions for read:user,repo,user:email,workflow...
2025-12-14 17:43:28.944 [info] Got 0 sessions for read:user,repo,user:email,workflow...
2025-12-14 17:43:28.945 [info] Getting sessions for user:email...
2025-12-14 17:43:28.945 [info] Got 1 sessions for user:email...
2025-12-14 17:43:29.181 [info] Getting sessions for all scopes...
2025-12-14 17:43:29.181 [info] Got 1 sessions for ...
2025-12-14 17:43:29.407 [info] Getting sessions for all scopes...
2025-12-14 17:43:29.407 [info] Got 1 sessions for ...
2025-12-14 17:43:29.407 [info] Getting sessions for all scopes...
2025-12-14 17:43:29.407 [info] Got 1 sessions for ...
2025-12-14 17:43:29.865 [info] Getting sessions for read:user,repo,user:email,workflow...
2025-12-14 17:43:29.865 [info] Got 0 sessions for read:user,repo,user:email,workflow...
2025-12-14 17:43:29.916 [info] Getting sessions for user:email...
2025-12-14 17:43:29.916 [info] Got 1 sessions for user:email...
2025-12-14 17:43:29.917 [info] Getting sessions for read:user,repo,user:email,workflow...
2025-12-14 17:43:29.917 [info] Got 0 sessions for read:user,repo,user:email,workflow...
2025-12-14 17:43:30.055 [info] Getting sessions for all scopes...
2025-12-14 17:43:30.055 [info] Got 1 sessions for ...
2025-12-14 17:43:30.057 [info] Getting sessions for all scopes...
2025-12-14 17:43:30.057 [info] Got 1 sessions for ...
2025-12-14 17:43:30.057 [info] Getting sessions for all scopes...
2025-12-14 17:43:30.057 [info] Got 1 sessions for ...
2025-12-14 17:43:30.058 [info] Getting sessions for all scopes...
2025-12-14 17:43:30.058 [info] Got 1 sessions for ...
2025-12-14 17:43:30.063 [info] Getting sessions for read:user,repo,user:email,workflow...
2025-12-14 17:43:30.064 [info] Got 0 sessions for read:user,repo,user:email,workflow...
2025-12-14 17:43:30.064 [info] Getting sessions for user:email...
2025-12-14 17:43:30.064 [info] Got 1 sessions for user:email...
2025-12-14 17:43:30.064 [info] Getting sessions for read:user,repo,user:email,workflow...
2025-12-14 17:43:30.064 [info] Got 0 sessions for read:user,repo,user:email,workflow...
2025-12-14 17:43:30.067 [info] Getting sessions for all scopes...
2025-12-14 17:43:30.067 [info] Got 1 sessions for ...
2025-12-14 17:43:30.068 [info] Getting sessions for read:user,repo,user:email,workflow...
2025-12-14 17:43:30.068 [info] Got 0 sessions for read:user,repo,user:email,workflow...
2025-12-14 17:43:30.068 [info] Getting sessions for user:email...
2025-12-14 17:43:30.068 [info] Got 1 sessions for user:email...
2025-12-14 17:43:31.431 [info] FetcherService: Electron fetch failed with status: 429 
2025-12-14 17:43:33.495 [info] FetcherService: Node fetch failed with status: 429 Too Many Requests
2025-12-14 17:43:36.418 [info] FetcherService: Node http/s failed with status: 429 Too Many Requests
