2025-12-14 17:34:26.650 [info] Reading sessions from keychain...
2025-12-14 17:34:26.650 [info] Getting sessions for all scopes...
2025-12-14 17:34:26.650 [info] Got 0 sessions for ...
2025-12-14 17:34:26.650 [info] Getting sessions for all scopes...
2025-12-14 17:34:26.650 [info] Got 0 sessions for ...
2025-12-14 17:34:26.650 [info] Getting sessions for all scopes...
2025-12-14 17:34:26.650 [info] Got 0 sessions for ...
2025-12-14 17:34:26.650 [info] Getting sessions for all scopes...
2025-12-14 17:34:26.650 [info] Got 0 sessions for ...
2025-12-14 17:34:26.650 [info] Getting sessions for all scopes...
2025-12-14 17:34:26.650 [info] Got 0 sessions for ...
2025-12-14 17:34:26.650 [info] Getting sessions for all scopes...
2025-12-14 17:34:26.650 [info] Got 0 sessions for ...
2025-12-14 17:34:26.650 [info] Getting sessions for all scopes...
2025-12-14 17:34:26.650 [info] Got 0 sessions for ...
2025-12-14 17:34:26.650 [info] Getting sessions for all scopes...
2025-12-14 17:34:26.650 [info] Got 0 sessions for ...
2025-12-14 17:34:26.650 [info] Getting sessions for all scopes...
2025-12-14 17:34:26.650 [info] Got 0 sessions for ...
2025-12-14 17:34:26.650 [info] Getting sessions for all scopes...
2025-12-14 17:34:26.650 [info] Got 0 sessions for ...
2025-12-14 17:34:26.650 [info] Getting sessions for all scopes...
2025-12-14 17:34:26.650 [info] Got 0 sessions for ...
2025-12-14 17:34:26.664 [info] Getting sessions for all scopes...
2025-12-14 17:34:26.664 [info] Got 0 sessions for ...
2025-12-14 17:34:26.664 [info] Getting sessions for all scopes...
2025-12-14 17:34:26.664 [info] Got 0 sessions for ...
2025-12-14 17:34:26.664 [info] Getting sessions for all scopes...
2025-12-14 17:34:26.664 [info] Got 0 sessions for ...
2025-12-14 17:34:26.664 [info] Getting sessions for all scopes...
2025-12-14 17:34:26.664 [info] Got 0 sessions for ...
2025-12-14 17:34:26.665 [info] Getting sessions for all scopes...
2025-12-14 17:34:26.665 [info] Got 0 sessions for ...
2025-12-14 17:34:28.460 [info] Getting sessions for all scopes...
2025-12-14 17:34:28.460 [info] Got 0 sessions for ...
2025-12-14 17:42:02.066 [info] Getting sessions for user:email...
2025-12-14 17:42:02.066 [info] Got 0 sessions for user:email...
2025-12-14 17:42:02.116 [info] Getting sessions for user:email...
2025-12-14 17:42:02.116 [info] Got 0 sessions for user:email...
2025-12-14 17:42:20.041 [info] Getting sessions for all scopes...
2025-12-14 17:42:20.041 [info] Got 0 sessions for ...
2025-12-14 17:42:20.042 [info] Getting sessions for all scopes...
2025-12-14 17:42:20.042 [info] Got 0 sessions for ...
2025-12-14 17:42:20.066 [info] Getting sessions for user:email...
2025-12-14 17:42:20.066 [info] Got 0 sessions for user:email...
2025-12-14 17:42:20.066 [info] Getting sessions for read:user,repo,user:email,workflow...
2025-12-14 17:42:20.066 [info] Got 0 sessions for read:user,repo,user:email,workflow...
2025-12-14 17:42:20.447 [info] Getting sessions for all scopes...
2025-12-14 17:42:20.447 [info] Got 0 sessions for ...
2025-12-14 17:42:20.447 [info] Getting sessions for all scopes...
2025-12-14 17:42:20.447 [info] Got 0 sessions for ...
2025-12-14 17:42:20.447 [info] Getting sessions for all scopes...
2025-12-14 17:42:20.447 [info] Got 0 sessions for ...
2025-12-14 17:42:20.452 [info] Getting sessions for user:email...
2025-12-14 17:42:20.452 [info] Got 0 sessions for user:email...
2025-12-14 17:42:20.452 [info] Getting sessions for read:user,repo,user:email,workflow...
2025-12-14 17:42:20.452 [info] Got 0 sessions for read:user,repo,user:email,workflow...
