2025-12-14 17:47:35.014 [info] Reading sessions from keychain...
2025-12-14 17:47:35.014 [info] Getting sessions for all scopes...
2025-12-14 17:47:35.014 [info] Got stored sessions!
2025-12-14 17:47:35.014 [info] Got 1 verified sessions.
2025-12-14 17:47:35.014 [info] Got 1 sessions for ...
2025-12-14 17:47:35.014 [info] Getting sessions for all scopes...
2025-12-14 17:47:35.014 [info] Got 1 sessions for ...
2025-12-14 17:47:35.014 [info] Getting sessions for all scopes...
2025-12-14 17:47:35.014 [info] Got 1 sessions for ...
2025-12-14 17:47:35.014 [info] Getting sessions for all scopes...
2025-12-14 17:47:35.014 [info] Got 1 sessions for ...
2025-12-14 17:47:35.014 [info] Getting sessions for all scopes...
2025-12-14 17:47:35.014 [info] Got 1 sessions for ...
2025-12-14 17:47:35.014 [info] Getting sessions for user:email...
2025-12-14 17:47:35.014 [info] Got 1 sessions for user:email...
2025-12-14 17:47:35.014 [info] Getting sessions for all scopes...
2025-12-14 17:47:35.014 [info] Got 1 sessions for ...
2025-12-14 17:47:35.014 [info] Getting sessions for all scopes...
2025-12-14 17:47:35.014 [info] Got 1 sessions for ...
2025-12-14 17:47:35.014 [info] Getting sessions for all scopes...
2025-12-14 17:47:35.014 [info] Got 1 sessions for ...
2025-12-14 17:47:35.014 [info] Getting sessions for all scopes...
2025-12-14 17:47:35.014 [info] Got 1 sessions for ...
2025-12-14 17:47:35.014 [info] Getting sessions for all scopes...
2025-12-14 17:47:35.014 [info] Got 1 sessions for ...
2025-12-14 17:47:35.029 [info] Getting sessions for all scopes...
2025-12-14 17:47:35.029 [info] Got 1 sessions for ...
2025-12-14 17:47:35.032 [info] Getting sessions for all scopes...
2025-12-14 17:47:35.035 [info] Got 1 sessions for ...
2025-12-14 17:47:35.036 [info] Getting sessions for all scopes...
2025-12-14 17:47:35.036 [info] Got 1 sessions for ...
2025-12-14 17:47:35.036 [info] Getting sessions for all scopes...
2025-12-14 17:47:35.036 [info] Got 1 sessions for ...
2025-12-14 17:47:35.036 [info] Getting sessions for all scopes...
2025-12-14 17:47:35.036 [info] Got 1 sessions for ...
2025-12-14 17:47:35.036 [info] Getting sessions for all scopes...
2025-12-14 17:47:35.036 [info] Got 1 sessions for ...
2025-12-14 17:47:35.037 [info] Getting sessions for all scopes...
2025-12-14 17:47:35.037 [info] Got 1 sessions for ...
2025-12-14 17:47:35.037 [info] Getting sessions for all scopes...
2025-12-14 17:47:35.037 [info] Got 1 sessions for ...
