2025-12-14 17:44:18.786 [info] Reading sessions from keychain...
2025-12-14 17:44:18.786 [info] Getting sessions for all scopes...
2025-12-14 17:44:18.786 [info] Got stored sessions!
2025-12-14 17:44:18.786 [info] Got 1 verified sessions.
2025-12-14 17:44:18.786 [info] Got 1 sessions for ...
2025-12-14 17:44:18.786 [info] Getting sessions for all scopes...
2025-12-14 17:44:18.786 [info] Got 1 sessions for ...
2025-12-14 17:44:18.786 [info] Getting sessions for all scopes...
2025-12-14 17:44:18.786 [info] Got 1 sessions for ...
2025-12-14 17:44:18.786 [info] Getting sessions for all scopes...
2025-12-14 17:44:18.786 [info] Got 1 sessions for ...
2025-12-14 17:44:18.786 [info] Getting sessions for all scopes...
2025-12-14 17:44:18.786 [info] Got 1 sessions for ...
2025-12-14 17:44:18.786 [info] Getting sessions for user:email...
2025-12-14 17:44:18.786 [info] Got 1 sessions for user:email...
2025-12-14 17:44:18.786 [info] Getting sessions for all scopes...
2025-12-14 17:44:18.786 [info] Got 1 sessions for ...
2025-12-14 17:44:18.786 [info] Getting sessions for all scopes...
2025-12-14 17:44:18.786 [info] Got 1 sessions for ...
2025-12-14 17:44:18.786 [info] Getting sessions for all scopes...
2025-12-14 17:44:18.786 [info] Got 1 sessions for ...
2025-12-14 17:44:18.786 [info] Getting sessions for all scopes...
2025-12-14 17:44:18.786 [info] Got 1 sessions for ...
2025-12-14 17:44:18.786 [info] Getting sessions for all scopes...
2025-12-14 17:44:18.786 [info] Got 1 sessions for ...
2025-12-14 17:44:18.786 [info] Getting sessions for all scopes...
2025-12-14 17:44:18.786 [info] Got 1 sessions for ...
2025-12-14 17:44:18.786 [info] Getting sessions for all scopes...
2025-12-14 17:44:18.786 [info] Got 1 sessions for ...
2025-12-14 17:44:18.786 [info] Getting sessions for all scopes...
2025-12-14 17:44:18.786 [info] Got 1 sessions for ...
2025-12-14 17:44:18.786 [info] Getting sessions for all scopes...
2025-12-14 17:44:18.786 [info] Got 1 sessions for ...
2025-12-14 17:44:18.786 [info] Getting sessions for all scopes...
2025-12-14 17:44:18.786 [info] Got 1 sessions for ...
2025-12-14 17:44:18.786 [info] Getting sessions for all scopes...
2025-12-14 17:44:18.786 [info] Got 1 sessions for ...
2025-12-14 17:44:18.786 [info] Getting sessions for all scopes...
2025-12-14 17:44:18.786 [info] Got 1 sessions for ...
2025-12-14 17:44:18.786 [info] Getting sessions for all scopes...
2025-12-14 17:44:18.786 [info] Got 1 sessions for ...
2025-12-14 17:44:18.834 [info] Getting sessions for read:user,repo,user:email,workflow...
2025-12-14 17:44:18.834 [info] Got 0 sessions for read:user,repo,user:email,workflow...
2025-12-14 17:44:18.918 [info] Getting sessions for user:email...
2025-12-14 17:44:18.918 [info] Got 1 sessions for user:email...
2025-12-14 17:44:18.919 [info] Getting sessions for read:user,repo,user:email,workflow...
2025-12-14 17:44:18.919 [info] Got 0 sessions for read:user,repo,user:email,workflow...
2025-12-14 17:44:18.972 [info] Getting sessions for user:email...
2025-12-14 17:44:18.972 [info] Got 1 sessions for user:email...
2025-12-14 17:44:19.004 [info] Getting sessions for all scopes...
2025-12-14 17:44:19.004 [info] Got 1 sessions for ...
2025-12-14 17:44:19.005 [info] Getting sessions for read:user,repo,user:email,workflow...
2025-12-14 17:44:19.005 [info] Got 0 sessions for read:user,repo,user:email,workflow...
2025-12-14 17:44:19.006 [info] Getting sessions for user:email...
2025-12-14 17:44:19.006 [info] Got 1 sessions for user:email...
2025-12-14 17:44:19.301 [info] Getting sessions for all scopes...
2025-12-14 17:44:19.301 [info] Got 1 sessions for ...
2025-12-14 17:44:19.492 [info] Getting sessions for all scopes...
2025-12-14 17:44:19.492 [info] Got 1 sessions for ...
2025-12-14 17:44:19.494 [info] Getting sessions for all scopes...
2025-12-14 17:44:19.494 [info] Got 1 sessions for ...
2025-12-14 17:44:19.804 [info] Getting sessions for read:user,repo,user:email,workflow...
2025-12-14 17:44:19.804 [info] Got 0 sessions for read:user,repo,user:email,workflow...
2025-12-14 17:44:19.811 [info] Getting sessions for user:email...
2025-12-14 17:44:19.811 [info] Got 1 sessions for user:email...
2025-12-14 17:44:19.811 [info] Getting sessions for read:user,repo,user:email,workflow...
2025-12-14 17:44:19.811 [info] Got 0 sessions for read:user,repo,user:email,workflow...
2025-12-14 17:44:19.912 [info] Getting sessions for all scopes...
2025-12-14 17:44:19.912 [info] Got 1 sessions for ...
2025-12-14 17:44:19.913 [info] Getting sessions for all scopes...
2025-12-14 17:44:19.913 [info] Got 1 sessions for ...
2025-12-14 17:44:19.915 [info] Getting sessions for all scopes...
2025-12-14 17:44:19.915 [info] Got 1 sessions for ...
2025-12-14 17:44:19.918 [info] Getting sessions for all scopes...
2025-12-14 17:44:19.918 [info] Got 1 sessions for ...
2025-12-14 17:44:19.925 [info] Getting sessions for read:user,repo,user:email,workflow...
2025-12-14 17:44:19.925 [info] Got 0 sessions for read:user,repo,user:email,workflow...
2025-12-14 17:44:19.926 [info] Getting sessions for user:email...
2025-12-14 17:44:19.926 [info] Got 1 sessions for user:email...
2025-12-14 17:44:19.926 [info] Getting sessions for read:user,repo,user:email,workflow...
2025-12-14 17:44:19.926 [info] Got 0 sessions for read:user,repo,user:email,workflow...
2025-12-14 17:44:20.950 [info] FetcherService: Electron fetch failed with status: 429 
2025-12-14 17:44:22.688 [info] FetcherService: Node fetch failed with status: 429 Too Many Requests
2025-12-14 17:44:25.706 [info] FetcherService: Node http/s failed with status: 429 Too Many Requests
