2025-12-14 17:43:29.281 [info] Reading sessions from keychain...
2025-12-14 17:43:29.281 [info] Got stored sessions!
2025-12-14 17:43:29.281 [info] Got 1 verified sessions.
2025-12-14 17:43:29.281 [info] Getting sessions for all scopes...
2025-12-14 17:43:29.281 [info] Got 1 sessions for ...
2025-12-14 17:43:29.281 [info] Getting sessions for all scopes...
2025-12-14 17:43:29.281 [info] Got 1 sessions for ...
2025-12-14 17:43:29.281 [info] Getting sessions for all scopes...
2025-12-14 17:43:29.281 [info] Got 1 sessions for ...
2025-12-14 17:43:29.281 [info] Getting sessions for all scopes...
2025-12-14 17:43:29.281 [info] Got 1 sessions for ...
2025-12-14 17:43:29.281 [info] Getting sessions for all scopes...
2025-12-14 17:43:29.281 [info] Got 1 sessions for ...
2025-12-14 17:43:29.281 [info] Getting sessions for user:email...
2025-12-14 17:43:29.281 [info] Got 1 sessions for user:email...
2025-12-14 17:43:29.281 [info] Getting sessions for all scopes...
2025-12-14 17:43:29.281 [info] Got 1 sessions for ...
2025-12-14 17:43:29.281 [info] Getting sessions for all scopes...
2025-12-14 17:43:29.281 [info] Got 1 sessions for ...
2025-12-14 17:43:29.281 [info] Getting sessions for all scopes...
2025-12-14 17:43:29.281 [info] Got 1 sessions for ...
2025-12-14 17:43:29.281 [info] Getting sessions for all scopes...
2025-12-14 17:43:29.281 [info] Got 1 sessions for ...
2025-12-14 17:43:29.281 [info] Getting sessions for all scopes...
2025-12-14 17:43:29.281 [info] Got 1 sessions for ...
2025-12-14 17:43:29.281 [info] Getting sessions for all scopes...
2025-12-14 17:43:29.281 [info] Got 1 sessions for ...
2025-12-14 17:43:29.281 [info] Getting sessions for all scopes...
2025-12-14 17:43:29.281 [info] Got 1 sessions for ...
2025-12-14 17:43:29.281 [info] Getting sessions for all scopes...
2025-12-14 17:43:29.281 [info] Got 1 sessions for ...
2025-12-14 17:43:29.281 [info] Getting sessions for all scopes...
2025-12-14 17:43:29.281 [info] Got 1 sessions for ...
2025-12-14 17:43:29.281 [info] Getting sessions for all scopes...
2025-12-14 17:43:29.281 [info] Got 1 sessions for ...
2025-12-14 17:43:29.281 [info] Getting sessions for all scopes...
2025-12-14 17:43:29.281 [info] Got 1 sessions for ...
2025-12-14 17:43:29.281 [info] Getting sessions for all scopes...
2025-12-14 17:43:29.281 [info] Got 1 sessions for ...
2025-12-14 17:43:29.281 [info] Getting sessions for all scopes...
2025-12-14 17:43:29.281 [info] Got 1 sessions for ...
2025-12-14 17:43:29.281 [info] Getting sessions for read:user,repo,user:email,workflow...
2025-12-14 17:43:29.281 [info] Got 0 sessions for read:user,repo,user:email,workflow...
2025-12-14 17:43:29.330 [info] Getting sessions for user:email...
2025-12-14 17:43:29.330 [info] Got 1 sessions for user:email...
2025-12-14 17:43:29.330 [info] Getting sessions for read:user,repo,user:email,workflow...
2025-12-14 17:43:29.330 [info] Got 0 sessions for read:user,repo,user:email,workflow...
2025-12-14 17:43:29.498 [info] Getting sessions for all scopes...
2025-12-14 17:43:29.499 [info] Got 1 sessions for ...
2025-12-14 17:43:29.501 [info] Getting sessions for user:email...
2025-12-14 17:43:29.501 [info] Got 1 sessions for user:email...
2025-12-14 17:43:29.561 [info] Getting sessions for all scopes...
2025-12-14 17:43:29.561 [info] Got 1 sessions for ...
2025-12-14 17:43:29.658 [info] Getting sessions for read:user,repo,user:email,workflow...
2025-12-14 17:43:29.658 [info] Got 0 sessions for read:user,repo,user:email,workflow...
2025-12-14 17:43:29.762 [info] Getting sessions for all scopes...
2025-12-14 17:43:29.762 [info] Got 1 sessions for ...
2025-12-14 17:43:29.762 [info] Getting sessions for all scopes...
2025-12-14 17:43:29.762 [info] Got 1 sessions for ...
2025-12-14 17:43:29.799 [info] Getting sessions for user:email...
2025-12-14 17:43:29.799 [info] Got 1 sessions for user:email...
2025-12-14 17:43:29.800 [info] Getting sessions for read:user,repo,user:email,workflow...
2025-12-14 17:43:29.800 [info] Got 0 sessions for read:user,repo,user:email,workflow...
2025-12-14 17:43:29.848 [info] Getting sessions for user:email...
2025-12-14 17:43:29.848 [info] Got 1 sessions for user:email...
2025-12-14 17:43:29.849 [info] Getting sessions for read:user,repo,user:email,workflow...
2025-12-14 17:43:29.849 [info] Got 0 sessions for read:user,repo,user:email,workflow...
2025-12-14 17:43:30.341 [info] Getting sessions for all scopes...
2025-12-14 17:43:30.341 [info] Got 1 sessions for ...
2025-12-14 17:43:30.341 [info] Getting sessions for all scopes...
2025-12-14 17:43:30.341 [info] Got 1 sessions for ...
2025-12-14 17:43:30.349 [info] Getting sessions for read:user,repo,user:email,workflow...
2025-12-14 17:43:30.349 [info] Got 0 sessions for read:user,repo,user:email,workflow...
2025-12-14 17:43:30.349 [info] Getting sessions for user:email...
2025-12-14 17:43:30.349 [info] Got 1 sessions for user:email...
2025-12-14 17:43:30.349 [info] Getting sessions for read:user,repo,user:email,workflow...
2025-12-14 17:43:30.349 [info] Got 0 sessions for read:user,repo,user:email,workflow...
2025-12-14 17:43:30.408 [info] Getting sessions for all scopes...
2025-12-14 17:43:30.408 [info] Got 1 sessions for ...
2025-12-14 17:43:30.408 [info] Getting sessions for all scopes...
2025-12-14 17:43:30.408 [info] Got 1 sessions for ...
2025-12-14 17:43:30.413 [info] Getting sessions for all scopes...
2025-12-14 17:43:30.413 [info] Got 1 sessions for ...
2025-12-14 17:43:30.414 [info] Getting sessions for all scopes...
2025-12-14 17:43:30.414 [info] Got 1 sessions for ...
2025-12-14 17:43:30.417 [info] Getting sessions for read:user,repo,user:email,workflow...
2025-12-14 17:43:30.417 [info] Got 0 sessions for read:user,repo,user:email,workflow...
2025-12-14 17:43:30.444 [info] Getting sessions for user:email...
2025-12-14 17:43:30.444 [info] Got 1 sessions for user:email...
2025-12-14 17:43:30.444 [info] Getting sessions for read:user,repo,user:email,workflow...
2025-12-14 17:43:30.444 [info] Got 0 sessions for read:user,repo,user:email,workflow...
2025-12-14 17:43:31.432 [info] FetcherService: Electron fetch failed with status: 429 
2025-12-14 17:43:31.981 [info] Getting sessions for read:user,repo,user:email,workflow...
2025-12-14 17:43:31.981 [info] Got 0 sessions for read:user,repo,user:email,workflow...
2025-12-14 17:43:31.982 [info] Getting sessions for all scopes...
2025-12-14 17:43:31.982 [info] Got 1 sessions for ...
2025-12-14 17:43:31.983 [info] Getting sessions for read:user,repo,user:email,workflow...
2025-12-14 17:43:31.983 [info] Got 0 sessions for read:user,repo,user:email,workflow...
2025-12-14 17:43:31.983 [info] Getting sessions for read:user,repo,user:email,workflow...
2025-12-14 17:43:31.983 [info] Got 0 sessions for read:user,repo,user:email,workflow...
2025-12-14 17:43:31.984 [info] Getting sessions for all scopes...
2025-12-14 17:43:31.984 [info] Got 1 sessions for ...
2025-12-14 17:43:31.984 [info] Getting sessions for read:user,repo,user:email,workflow...
2025-12-14 17:43:31.984 [info] Got 0 sessions for read:user,repo,user:email,workflow...
2025-12-14 17:43:31.984 [info] Getting sessions for user:email...
2025-12-14 17:43:31.984 [info] Got 1 sessions for user:email...
2025-12-14 17:43:33.493 [info] FetcherService: Node fetch failed with status: 429 Too Many Requests
2025-12-14 17:43:35.290 [info] Getting sessions for all scopes...
2025-12-14 17:43:35.290 [info] Got 1 sessions for ...
2025-12-14 17:43:35.291 [info] Getting sessions for read:user,repo,user:email,workflow...
2025-12-14 17:43:35.291 [info] Got 0 sessions for read:user,repo,user:email,workflow...
2025-12-14 17:43:35.291 [info] Getting sessions for read:user,repo,user:email,workflow...
2025-12-14 17:43:35.291 [info] Got 0 sessions for read:user,repo,user:email,workflow...
2025-12-14 17:43:35.292 [info] Getting sessions for all scopes...
2025-12-14 17:43:35.292 [info] Got 1 sessions for ...
2025-12-14 17:43:35.292 [info] Getting sessions for read:user,repo,user:email,workflow...
2025-12-14 17:43:35.292 [info] Got 0 sessions for read:user,repo,user:email,workflow...
2025-12-14 17:43:35.294 [info] Getting sessions for user:email...
2025-12-14 17:43:35.294 [info] Got 1 sessions for user:email...
2025-12-14 17:43:35.700 [info] FetcherService: Node http/s failed with status: 429 Too Many Requests
