2025-12-14 17:32:16.136 [info] Reading sessions from keychain...
2025-12-14 17:32:16.136 [info] Getting sessions for all scopes...
2025-12-14 17:32:16.136 [info] Got 0 sessions for ...
2025-12-14 17:32:16.136 [info] Getting sessions for all scopes...
2025-12-14 17:32:16.136 [info] Got 0 sessions for ...
2025-12-14 17:32:16.136 [info] Getting sessions for all scopes...
2025-12-14 17:32:16.136 [info] Got 0 sessions for ...
2025-12-14 17:32:16.136 [info] Getting sessions for all scopes...
2025-12-14 17:32:16.136 [info] Got 0 sessions for ...
2025-12-14 17:32:16.136 [info] Getting sessions for all scopes...
2025-12-14 17:32:16.136 [info] Got 0 sessions for ...
2025-12-14 17:32:16.136 [info] Getting sessions for all scopes...
2025-12-14 17:32:16.136 [info] Got 0 sessions for ...
2025-12-14 17:32:16.136 [info] Getting sessions for all scopes...
2025-12-14 17:32:16.136 [info] Got 0 sessions for ...
2025-12-14 17:32:16.157 [info] Getting sessions for all scopes...
2025-12-14 17:32:16.157 [info] Got 0 sessions for ...
2025-12-14 17:32:16.157 [info] Getting sessions for all scopes...
2025-12-14 17:32:16.157 [info] Got 0 sessions for ...
2025-12-14 17:32:16.157 [info] Getting sessions for all scopes...
2025-12-14 17:32:16.157 [info] Got 0 sessions for ...
2025-12-14 17:32:16.157 [info] Getting sessions for all scopes...
2025-12-14 17:32:16.157 [info] Got 0 sessions for ...
2025-12-14 17:32:16.157 [info] Getting sessions for all scopes...
2025-12-14 17:32:16.157 [info] Got 0 sessions for ...
2025-12-14 17:32:16.157 [info] Getting sessions for all scopes...
2025-12-14 17:32:16.157 [info] Got 0 sessions for ...
2025-12-14 17:32:16.296 [info] Getting sessions for all scopes...
2025-12-14 17:32:16.296 [info] Got 0 sessions for ...
2025-12-14 17:32:16.296 [info] Getting sessions for all scopes...
2025-12-14 17:32:16.296 [info] Got 0 sessions for ...
2025-12-14 17:32:17.903 [info] Getting sessions for all scopes...
2025-12-14 17:32:17.903 [info] Got 0 sessions for ...
2025-12-14 17:32:18.672 [info] Getting sessions for read:user,repo,user:email,workflow...
2025-12-14 17:32:18.672 [info] Got 0 sessions for read:user,repo,user:email,workflow...
