2025-12-14 17:31:16.463 [info] Extension host with pid 1360 started
2025-12-14 17:31:16.498 [info] ExtensionService#_doActivateExtension vscode.github-authentication, startup: false, activationEvent: 'onAuthenticationRequest:github'
2025-12-14 17:31:16.541 [info] ExtensionService#_doActivateExtension vscode.git-base, startup: true, activationEvent: '*', root cause: vscode.git
2025-12-14 17:31:16.546 [info] ExtensionService#_doActivateExtension vscode.git, startup: true, activationEvent: '*'
2025-12-14 17:31:16.583 [info] ExtensionService#_doActivateExtension vscode.github, startup: true, activationEvent: '*'
2025-12-14 17:31:16.679 [info] Eager extensions activated
2025-12-14 17:31:16.704 [info] ExtensionService#_doActivateExtension vscode.debug-auto-launch, startup: false, activationEvent: 'onStartupFinished'
2025-12-14 17:31:16.706 [info] ExtensionService#_doActivateExtension vscode.merge-conflict, startup: false, activationEvent: 'onStartupFinished'
2025-12-14 17:31:24.784 [info] Extension host terminating: renderer closed the MessagePort
2025-12-14 17:31:24.797 [info] Extension host with pid 1360 exiting with code 0
2025-12-14 17:31:25.814 [info] Extension host with pid 2309 started
2025-12-14 17:31:25.828 [info] Skipping acquiring lock for /home/abhi/.config/Code/User/workspaceStorage/c8849efe9c1cc6a1de0b5a9ce03b822a.
2025-12-14 17:31:25.851 [info] ExtensionService#_doActivateExtension vscode.github-authentication, startup: false, activationEvent: 'onAuthenticationRequest:github'
2025-12-14 17:31:25.877 [info] ExtensionService#_doActivateExtension vscode.emmet, startup: false, activationEvent: 'onLanguage'
2025-12-14 17:31:26.032 [info] ExtensionService#_doActivateExtension vscode.git-base, startup: true, activationEvent: '*', root cause: vscode.git
2025-12-14 17:31:26.069 [info] ExtensionService#_doActivateExtension vscode.git, startup: true, activationEvent: '*'
2025-12-14 17:31:26.115 [info] ExtensionService#_doActivateExtension vscode.github, startup: true, activationEvent: '*'
2025-12-14 17:31:26.213 [info] Eager extensions activated
2025-12-14 17:31:26.214 [info] ExtensionService#_doActivateExtension vscode.debug-auto-launch, startup: false, activationEvent: 'onStartupFinished'
2025-12-14 17:31:26.216 [info] ExtensionService#_doActivateExtension vscode.merge-conflict, startup: false, activationEvent: 'onStartupFinished'
2025-12-14 17:31:59.933 [info] Extension host terminating: renderer closed the MessagePort
2025-12-14 17:31:59.945 [info] Extension host with pid 2309 exiting with code 0
