2025-12-14 17:30:26.580 [info] Reading sessions from keychain...
2025-12-14 17:30:26.580 [info] Getting sessions for all scopes...
2025-12-14 17:30:26.580 [info] Got 0 sessions for ...
2025-12-14 17:30:26.580 [info] Getting sessions for all scopes...
2025-12-14 17:30:26.580 [info] Got 0 sessions for ...
2025-12-14 17:30:26.580 [info] Getting sessions for all scopes...
2025-12-14 17:30:26.580 [info] Got 0 sessions for ...
2025-12-14 17:30:26.580 [info] Getting sessions for all scopes...
2025-12-14 17:30:26.580 [info] Got 0 sessions for ...
2025-12-14 17:30:26.580 [info] Getting sessions for all scopes...
2025-12-14 17:30:26.580 [info] Got 0 sessions for ...
2025-12-14 17:30:26.580 [info] Getting sessions for all scopes...
2025-12-14 17:30:26.580 [info] Got 0 sessions for ...
2025-12-14 17:30:26.580 [info] Getting sessions for all scopes...
2025-12-14 17:30:26.580 [info] Got 0 sessions for ...
2025-12-14 17:30:26.580 [info] Getting sessions for all scopes...
2025-12-14 17:30:26.580 [info] Got 0 sessions for ...
2025-12-14 17:30:26.580 [info] Getting sessions for all scopes...
2025-12-14 17:30:26.580 [info] Got 0 sessions for ...
2025-12-14 17:30:26.580 [info] Getting sessions for all scopes...
2025-12-14 17:30:26.580 [info] Got 0 sessions for ...
2025-12-14 17:30:26.580 [info] Getting sessions for all scopes...
2025-12-14 17:30:26.580 [info] Got 0 sessions for ...
2025-12-14 17:30:26.580 [info] Getting sessions for all scopes...
2025-12-14 17:30:26.580 [info] Got 0 sessions for ...
2025-12-14 17:30:26.580 [info] Getting sessions for all scopes...
2025-12-14 17:30:26.580 [info] Got 0 sessions for ...
2025-12-14 17:30:26.651 [info] Getting sessions for all scopes...
2025-12-14 17:30:26.651 [info] Got 0 sessions for ...
2025-12-14 17:30:26.652 [info] Getting sessions for all scopes...
2025-12-14 17:30:26.652 [info] Got 0 sessions for ...
2025-12-14 17:30:28.541 [info] Getting sessions for all scopes...
2025-12-14 17:30:28.541 [info] Got 0 sessions for ...
2025-12-14 17:30:28.865 [info] Getting sessions for read:user,repo,user:email,workflow...
2025-12-14 17:30:28.865 [info] Got 0 sessions for read:user,repo,user:email,workflow...
