2025-12-14 17:44:19.388 [info] Reading sessions from keychain...
2025-12-14 17:44:19.388 [info] Getting sessions for all scopes...
2025-12-14 17:44:19.388 [info] Got stored sessions!
2025-12-14 17:44:19.388 [info] Got 1 verified sessions.
2025-12-14 17:44:19.388 [info] Got 1 sessions for ...
2025-12-14 17:44:19.388 [info] Getting sessions for all scopes...
2025-12-14 17:44:19.388 [info] Got 1 sessions for ...
2025-12-14 17:44:19.388 [info] Getting sessions for all scopes...
2025-12-14 17:44:19.388 [info] Got 1 sessions for ...
2025-12-14 17:44:19.388 [info] Getting sessions for all scopes...
2025-12-14 17:44:19.388 [info] Got 1 sessions for ...
2025-12-14 17:44:19.388 [info] Getting sessions for all scopes...
2025-12-14 17:44:19.388 [info] Got 1 sessions for ...
2025-12-14 17:44:19.388 [info] Getting sessions for user:email...
2025-12-14 17:44:19.388 [info] Got 1 sessions for user:email...
2025-12-14 17:44:19.388 [info] Getting sessions for all scopes...
2025-12-14 17:44:19.388 [info] Got 1 sessions for ...
2025-12-14 17:44:19.388 [info] Getting sessions for all scopes...
2025-12-14 17:44:19.388 [info] Got 1 sessions for ...
2025-12-14 17:44:19.388 [info] Getting sessions for all scopes...
2025-12-14 17:44:19.388 [info] Got 1 sessions for ...
2025-12-14 17:44:19.388 [info] Getting sessions for all scopes...
2025-12-14 17:44:19.388 [info] Got 1 sessions for ...
2025-12-14 17:44:19.388 [info] Getting sessions for all scopes...
2025-12-14 17:44:19.388 [info] Got 1 sessions for ...
2025-12-14 17:44:19.388 [info] Getting sessions for all scopes...
2025-12-14 17:44:19.388 [info] Got 1 sessions for ...
2025-12-14 17:44:19.388 [info] Getting sessions for all scopes...
2025-12-14 17:44:19.388 [info] Got 1 sessions for ...
2025-12-14 17:44:19.388 [info] Getting sessions for all scopes...
2025-12-14 17:44:19.388 [info] Got 1 sessions for ...
2025-12-14 17:44:19.388 [info] Getting sessions for all scopes...
2025-12-14 17:44:19.388 [info] Got 1 sessions for ...
2025-12-14 17:44:19.388 [info] Getting sessions for all scopes...
2025-12-14 17:44:19.388 [info] Got 1 sessions for ...
2025-12-14 17:44:19.388 [info] Getting sessions for all scopes...
2025-12-14 17:44:19.388 [info] Got 1 sessions for ...
2025-12-14 17:44:19.388 [info] Getting sessions for all scopes...
2025-12-14 17:44:19.388 [info] Got 1 sessions for ...
2025-12-14 17:44:19.388 [info] Getting sessions for all scopes...
2025-12-14 17:44:19.388 [info] Got 1 sessions for ...
2025-12-14 17:44:19.388 [info] Getting sessions for read:user,repo,user:email,workflow...
2025-12-14 17:44:19.388 [info] Got 0 sessions for read:user,repo,user:email,workflow...
2025-12-14 17:44:19.433 [info] Getting sessions for user:email...
2025-12-14 17:44:19.433 [info] Got 1 sessions for user:email...
2025-12-14 17:44:19.433 [info] Getting sessions for read:user,repo,user:email,workflow...
2025-12-14 17:44:19.433 [info] Got 0 sessions for read:user,repo,user:email,workflow...
2025-12-14 17:44:19.555 [info] Getting sessions for user:email...
2025-12-14 17:44:19.555 [info] Got 1 sessions for user:email...
2025-12-14 17:44:19.645 [info] Getting sessions for all scopes...
2025-12-14 17:44:19.645 [info] Got 1 sessions for ...
2025-12-14 17:44:19.653 [info] Getting sessions for all scopes...
2025-12-14 17:44:19.653 [info] Got 1 sessions for ...
2025-12-14 17:44:19.659 [info] Getting sessions for read:user,repo,user:email,workflow...
2025-12-14 17:44:19.659 [info] Got 0 sessions for read:user,repo,user:email,workflow...
2025-12-14 17:44:19.663 [info] Getting sessions for user:email...
2025-12-14 17:44:19.663 [info] Got 1 sessions for user:email...
2025-12-14 17:44:19.783 [info] Getting sessions for all scopes...
2025-12-14 17:44:19.783 [info] Got 1 sessions for ...
2025-12-14 17:44:19.783 [info] Getting sessions for all scopes...
2025-12-14 17:44:19.783 [info] Got 1 sessions for ...
2025-12-14 17:44:19.791 [info] Getting sessions for read:user,repo,user:email,workflow...
2025-12-14 17:44:19.791 [info] Got 0 sessions for read:user,repo,user:email,workflow...
2025-12-14 17:44:19.792 [info] Getting sessions for user:email...
2025-12-14 17:44:19.792 [info] Got 1 sessions for user:email...
2025-12-14 17:44:19.793 [info] Getting sessions for read:user,repo,user:email,workflow...
2025-12-14 17:44:19.793 [info] Got 0 sessions for read:user,repo,user:email,workflow...
2025-12-14 17:44:20.482 [info] Getting sessions for all scopes...
2025-12-14 17:44:20.482 [info] Got 1 sessions for ...
2025-12-14 17:44:20.482 [info] Getting sessions for all scopes...
2025-12-14 17:44:20.482 [info] Got 1 sessions for ...
2025-12-14 17:44:20.554 [info] Getting sessions for read:user,repo,user:email,workflow...
2025-12-14 17:44:20.554 [info] Got 0 sessions for read:user,repo,user:email,workflow...
2025-12-14 17:44:20.569 [info] Getting sessions for user:email...
2025-12-14 17:44:20.569 [info] Got 1 sessions for user:email...
2025-12-14 17:44:20.569 [info] Getting sessions for read:user,repo,user:email,workflow...
2025-12-14 17:44:20.569 [info] Got 0 sessions for read:user,repo,user:email,workflow...
2025-12-14 17:44:20.638 [info] Getting sessions for all scopes...
2025-12-14 17:44:20.638 [info] Got 1 sessions for ...
2025-12-14 17:44:20.639 [info] Getting sessions for all scopes...
2025-12-14 17:44:20.639 [info] Got 1 sessions for ...
2025-12-14 17:44:20.643 [info] Getting sessions for all scopes...
2025-12-14 17:44:20.643 [info] Got 1 sessions for ...
2025-12-14 17:44:20.643 [info] Getting sessions for all scopes...
2025-12-14 17:44:20.643 [info] Got 1 sessions for ...
2025-12-14 17:44:20.646 [info] Getting sessions for read:user,repo,user:email,workflow...
2025-12-14 17:44:20.646 [info] Got 0 sessions for read:user,repo,user:email,workflow...
2025-12-14 17:44:20.654 [info] Getting sessions for user:email...
2025-12-14 17:44:20.654 [info] Got 1 sessions for user:email...
2025-12-14 17:44:20.656 [info] Getting sessions for read:user,repo,user:email,workflow...
2025-12-14 17:44:20.656 [info] Got 0 sessions for read:user,repo,user:email,workflow...
2025-12-14 17:44:20.723 [info] Getting sessions for all scopes...
2025-12-14 17:44:20.723 [info] Got 1 sessions for ...
2025-12-14 17:44:20.726 [info] Getting sessions for read:user,repo,user:email,workflow...
2025-12-14 17:44:20.726 [info] Got 0 sessions for read:user,repo,user:email,workflow...
2025-12-14 17:44:20.727 [info] Getting sessions for user:email...
2025-12-14 17:44:20.727 [info] Got 1 sessions for user:email...
2025-12-14 17:44:20.949 [info] FetcherService: Electron fetch failed with status: 429 
2025-12-14 17:44:21.683 [info] Getting sessions for read:user,repo,user:email,workflow...
2025-12-14 17:44:21.683 [info] Got 0 sessions for read:user,repo,user:email,workflow...
2025-12-14 17:44:22.685 [info] FetcherService: Node fetch failed with status: 429 Too Many Requests
2025-12-14 17:44:22.735 [info] Getting sessions for all scopes...
2025-12-14 17:44:22.735 [info] Got 1 sessions for ...
2025-12-14 17:44:22.735 [info] Getting sessions for read:user,repo,user:email,workflow...
2025-12-14 17:44:22.735 [info] Got 0 sessions for read:user,repo,user:email,workflow...
2025-12-14 17:44:22.736 [info] Getting sessions for read:user,repo,user:email,workflow...
2025-12-14 17:44:22.736 [info] Got 0 sessions for read:user,repo,user:email,workflow...
2025-12-14 17:44:22.736 [info] Getting sessions for all scopes...
2025-12-14 17:44:22.736 [info] Got 1 sessions for ...
2025-12-14 17:44:22.737 [info] Getting sessions for read:user,repo,user:email,workflow...
2025-12-14 17:44:22.737 [info] Got 0 sessions for read:user,repo,user:email,workflow...
2025-12-14 17:44:22.737 [info] Getting sessions for user:email...
2025-12-14 17:44:22.737 [info] Got 1 sessions for user:email...
2025-12-14 17:44:26.442 [info] FetcherService: Node http/s failed with status: 429 Too Many Requests
