2025-12-14 17:30:26.754 [info] [main] Log level: Info
2025-12-14 17:30:26.754 [info] [main] Validating found git in: "git"
2025-12-14 17:30:26.754 [info] [main] Using git "2.52.0" from "git"
2025-12-14 17:30:26.754 [info] [Model][doInitialScan] Initial repository scan started
2025-12-14 17:30:26.754 [info] > git rev-parse --show-toplevel [6ms]
2025-12-14 17:30:26.754 [info] > git rev-parse --git-dir --git-common-dir --show-superproject-working-tree [3ms]
2025-12-14 17:30:26.754 [info] [Model][openRepository] Opened repository (path): /home/abhi/DRUX_OS
2025-12-14 17:30:26.754 [info] [Model][openRepository] Opened repository (real path): /home/abhi/DRUX_OS
2025-12-14 17:30:26.754 [info] [Model][openRepository] Opened repository (kind): repository
2025-12-14 17:30:26.754 [info] > git rev-parse --show-toplevel [3ms]
2025-12-14 17:30:26.754 [info] fatal: not a git repository (or any of the parent directories): .git
2025-12-14 17:30:26.754 [info] > git config --get commit.template [6ms]
2025-12-14 17:30:26.754 [info] > git rev-parse --show-toplevel [0ms]
2025-12-14 17:30:26.754 [info] > git for-each-ref --format=%(refname)%00%(upstream:short)%00%(objectname)%00%(upstream:track)%00%(upstream:remotename)%00%(upstream:remoteref) refs/heads/main refs/remotes/main [6ms]
2025-12-14 17:30:26.754 [info] > git rev-parse --show-toplevel [3ms]
2025-12-14 17:30:26.754 [warning] [Git][revParse] Unable to read file: ENOENT: no such file or directory, open '/home/abhi/DRUX_OS/.git/refs/remotes/origin/main'
2025-12-14 17:30:26.754 [info] > git rev-parse --show-toplevel [1ms]
2025-12-14 17:30:26.754 [info] > git rev-parse refs/remotes/origin/main [3ms]
2025-12-14 17:30:26.755 [info] > git rev-parse --show-toplevel [27ms]
2025-12-14 17:30:26.755 [info] > git for-each-ref --sort -committerdate --format %(refname)%00%(objectname)%00%(*objectname) [30ms]
2025-12-14 17:30:26.760 [info] > git rev-parse --show-toplevel [1ms]
2025-12-14 17:30:26.782 [info] > git rev-parse --show-toplevel [19ms]
2025-12-14 17:30:26.784 [info] [Model][doInitialScan] Initial repository scan completed - repositories (1), closed repositories (0), parent repositories (0), unsafe repositories (0)
2025-12-14 17:30:27.217 [info] > git check-ignore -v -z --stdin [1ms]
2025-12-14 17:30:27.864 [info] > git status -z -uall [1141ms]
2025-12-14 17:30:27.879 [info] > git for-each-ref --format=%(refname)%00%(upstream:short)%00%(objectname)%00%(upstream:track)%00%(upstream:remotename)%00%(upstream:remoteref) refs/heads/main refs/remotes/main [5ms]
2025-12-14 17:30:27.882 [info] > git config --get --local branch.main.vscode-merge-base [1ms]
2025-12-14 17:30:27.884 [info] > git config --get commit.template [6ms]
2025-12-14 17:30:27.886 [info] > git for-each-ref --format=%(refname)%00%(upstream:short)%00%(objectname)%00%(upstream:track)%00%(upstream:remotename)%00%(upstream:remoteref) refs/heads/origin/main refs/remotes/origin/main [2ms]
2025-12-14 17:30:27.889 [info] > git for-each-ref --format=%(refname)%00%(upstream:short)%00%(objectname)%00%(upstream:track)%00%(upstream:remotename)%00%(upstream:remoteref) refs/heads/main refs/remotes/main [3ms]
2025-12-14 17:30:27.891 [warning] [Git][revParse] Unable to read file: ENOENT: no such file or directory, open '/home/abhi/DRUX_OS/.git/refs/remotes/origin/main'
2025-12-14 17:30:27.891 [info] > git merge-base refs/heads/main refs/remotes/origin/main [2ms]
2025-12-14 17:30:27.893 [info] > git rev-parse refs/remotes/origin/main [2ms]
2025-12-14 17:30:27.897 [info] > git diff --name-status -z --diff-filter=ADMR --find-renames=50% d84f3c8e3d674cd79da234866088719a5f623099...refs/remotes/origin/main -- [4ms]
2025-12-14 17:30:27.898 [info] > git for-each-ref --sort -committerdate --format %(refname)%00%(objectname)%00%(*objectname) [1ms]
2025-12-14 17:30:28.862 [info] > git status -z -uall [967ms]
