2025-12-14 17:34:26.987 [info] Reading sessions from keychain...
2025-12-14 17:34:26.987 [info] Getting sessions for all scopes...
2025-12-14 17:34:26.987 [info] Got 0 sessions for ...
2025-12-14 17:34:26.987 [info] Getting sessions for all scopes...
2025-12-14 17:34:26.987 [info] Got 0 sessions for ...
2025-12-14 17:34:26.987 [info] Getting sessions for all scopes...
2025-12-14 17:34:26.987 [info] Got 0 sessions for ...
2025-12-14 17:34:26.987 [info] Getting sessions for all scopes...
2025-12-14 17:34:26.987 [info] Got 0 sessions for ...
2025-12-14 17:34:26.987 [info] Getting sessions for all scopes...
2025-12-14 17:34:26.987 [info] Got 0 sessions for ...
2025-12-14 17:34:26.987 [info] Getting sessions for all scopes...
2025-12-14 17:34:26.987 [info] Got 0 sessions for ...
2025-12-14 17:34:26.987 [info] Getting sessions for all scopes...
2025-12-14 17:34:26.987 [info] Got 0 sessions for ...
2025-12-14 17:34:26.995 [info] Getting sessions for all scopes...
2025-12-14 17:34:26.995 [info] Got 0 sessions for ...
2025-12-14 17:34:26.995 [info] Getting sessions for all scopes...
2025-12-14 17:34:26.995 [info] Got 0 sessions for ...
2025-12-14 17:34:26.995 [info] Getting sessions for all scopes...
2025-12-14 17:34:26.995 [info] Got 0 sessions for ...
2025-12-14 17:34:26.995 [info] Getting sessions for all scopes...
2025-12-14 17:34:26.995 [info] Got 0 sessions for ...
2025-12-14 17:34:26.996 [info] Getting sessions for all scopes...
2025-12-14 17:34:26.996 [info] Got 0 sessions for ...
2025-12-14 17:34:26.996 [info] Getting sessions for all scopes...
2025-12-14 17:34:26.996 [info] Got 0 sessions for ...
2025-12-14 17:34:27.218 [info] Getting sessions for all scopes...
2025-12-14 17:34:27.218 [info] Got 0 sessions for ...
2025-12-14 17:34:27.286 [info] Getting sessions for all scopes...
2025-12-14 17:34:27.286 [info] Got 0 sessions for ...
2025-12-14 17:34:28.686 [info] Getting sessions for all scopes...
2025-12-14 17:34:28.686 [info] Got 0 sessions for ...
2025-12-14 17:34:29.338 [info] Getting sessions for read:user,repo,user:email,workflow...
2025-12-14 17:34:29.338 [info] Got 0 sessions for read:user,repo,user:email,workflow...
2025-12-14 17:42:02.066 [info] Getting sessions for user:email...
2025-12-14 17:42:02.066 [info] Got 0 sessions for user:email...
2025-12-14 17:42:02.118 [info] Getting sessions for user:email...
2025-12-14 17:42:02.118 [info] Got 0 sessions for user:email...
2025-12-14 17:42:20.236 [info] Getting sessions for all scopes...
2025-12-14 17:42:20.236 [info] Got 0 sessions for ...
2025-12-14 17:42:20.236 [info] Getting sessions for all scopes...
2025-12-14 17:42:20.236 [info] Got 0 sessions for ...
2025-12-14 17:42:20.245 [info] Getting sessions for user:email...
2025-12-14 17:42:20.245 [info] Got 0 sessions for user:email...
2025-12-14 17:42:20.245 [info] Getting sessions for read:user,repo,user:email,workflow...
2025-12-14 17:42:20.245 [info] Got 0 sessions for read:user,repo,user:email,workflow...
2025-12-14 17:42:20.553 [info] Getting sessions for all scopes...
2025-12-14 17:42:20.553 [info] Got 0 sessions for ...
2025-12-14 17:42:20.553 [info] Getting sessions for all scopes...
2025-12-14 17:42:20.553 [info] Got 0 sessions for ...
2025-12-14 17:42:20.559 [info] Getting sessions for all scopes...
2025-12-14 17:42:20.559 [info] Got 0 sessions for ...
2025-12-14 17:42:20.562 [info] Getting sessions for user:email...
2025-12-14 17:42:20.562 [info] Got 0 sessions for user:email...
2025-12-14 17:42:20.563 [info] Getting sessions for read:user,repo,user:email,workflow...
2025-12-14 17:42:20.563 [info] Got 0 sessions for read:user,repo,user:email,workflow...
2025-12-14 17:42:53.697 [info] Getting sessions for all scopes...
2025-12-14 17:42:53.697 [info] Got 0 sessions for ...
2025-12-14 17:42:53.708 [info] Getting sessions for user:email...
2025-12-14 17:42:53.708 [info] Got 0 sessions for user:email...
2025-12-14 17:42:53.712 [info] Getting sessions for all scopes...
2025-12-14 17:42:53.712 [info] Got 0 sessions for ...
2025-12-14 17:42:53.712 [info] Getting sessions for all scopes...
2025-12-14 17:42:53.712 [info] Got 0 sessions for ...
2025-12-14 17:42:53.713 [info] Getting sessions for user:email...
2025-12-14 17:42:53.713 [info] Got 0 sessions for user:email...
2025-12-14 17:42:53.713 [info] Getting sessions for read:user,repo,user:email,workflow...
2025-12-14 17:42:53.713 [info] Got 0 sessions for read:user,repo,user:email,workflow...
2025-12-14 17:42:53.717 [info] Getting sessions for all scopes...
2025-12-14 17:42:53.717 [info] Got 0 sessions for ...
2025-12-14 17:42:53.717 [info] Getting sessions for all scopes...
2025-12-14 17:42:53.717 [info] Got 0 sessions for ...
