2025-12-14 17:43:30.581 [info] Reading sessions from keychain...
2025-12-14 17:43:30.581 [info] Getting sessions for all scopes...
2025-12-14 17:43:30.581 [info] Got stored sessions!
2025-12-14 17:43:30.581 [info] Got 1 verified sessions.
2025-12-14 17:43:30.581 [info] Got 1 sessions for ...
2025-12-14 17:43:30.581 [info] Getting sessions for all scopes...
2025-12-14 17:43:30.581 [info] Got 1 sessions for ...
2025-12-14 17:43:30.581 [info] Getting sessions for all scopes...
2025-12-14 17:43:30.581 [info] Got 1 sessions for ...
2025-12-14 17:43:30.581 [info] Getting sessions for all scopes...
2025-12-14 17:43:30.581 [info] Got 1 sessions for ...
2025-12-14 17:43:30.581 [info] Getting sessions for all scopes...
2025-12-14 17:43:30.581 [info] Got 1 sessions for ...
2025-12-14 17:43:30.581 [info] Getting sessions for user:email...
2025-12-14 17:43:30.581 [info] Got 1 sessions for user:email...
2025-12-14 17:43:30.581 [info] Getting sessions for all scopes...
2025-12-14 17:43:30.581 [info] Got 1 sessions for ...
2025-12-14 17:43:30.581 [info] Getting sessions for all scopes...
2025-12-14 17:43:30.581 [info] Got 1 sessions for ...
2025-12-14 17:43:30.581 [info] Getting sessions for all scopes...
2025-12-14 17:43:30.581 [info] Got 1 sessions for ...
2025-12-14 17:43:30.581 [info] Getting sessions for all scopes...
2025-12-14 17:43:30.581 [info] Got 1 sessions for ...
2025-12-14 17:43:30.581 [info] Getting sessions for all scopes...
2025-12-14 17:43:30.581 [info] Got 1 sessions for ...
2025-12-14 17:43:30.581 [info] Getting sessions for all scopes...
2025-12-14 17:43:30.581 [info] Got 1 sessions for ...
2025-12-14 17:43:30.581 [info] Getting sessions for all scopes...
2025-12-14 17:43:30.581 [info] Got 1 sessions for ...
2025-12-14 17:43:30.581 [info] Getting sessions for all scopes...
2025-12-14 17:43:30.581 [info] Got 1 sessions for ...
2025-12-14 17:43:30.581 [info] Getting sessions for all scopes...
2025-12-14 17:43:30.581 [info] Got 1 sessions for ...
2025-12-14 17:43:30.581 [info] Getting sessions for all scopes...
2025-12-14 17:43:30.581 [info] Got 1 sessions for ...
2025-12-14 17:43:30.581 [info] Getting sessions for all scopes...
2025-12-14 17:43:30.581 [info] Got 1 sessions for ...
2025-12-14 17:43:30.581 [info] Getting sessions for all scopes...
2025-12-14 17:43:30.581 [info] Got 1 sessions for ...
2025-12-14 17:43:30.581 [info] Getting sessions for all scopes...
2025-12-14 17:43:30.581 [info] Got 1 sessions for ...
2025-12-14 17:43:30.581 [info] Getting sessions for read:user,repo,user:email,workflow...
2025-12-14 17:43:30.581 [info] Got 0 sessions for read:user,repo,user:email,workflow...
2025-12-14 17:43:30.698 [info] Getting sessions for user:email...
2025-12-14 17:43:30.698 [info] Got 1 sessions for user:email...
2025-12-14 17:43:30.698 [info] Getting sessions for read:user,repo,user:email,workflow...
2025-12-14 17:43:30.698 [info] Got 0 sessions for read:user,repo,user:email,workflow...
2025-12-14 17:43:30.735 [info] Getting sessions for user:email...
2025-12-14 17:43:30.735 [info] Got 1 sessions for user:email...
2025-12-14 17:43:30.759 [info] Getting sessions for all scopes...
2025-12-14 17:43:30.759 [info] Got 1 sessions for ...
2025-12-14 17:43:30.768 [info] Getting sessions for read:user,repo,user:email,workflow...
2025-12-14 17:43:30.768 [info] Got 0 sessions for read:user,repo,user:email,workflow...
2025-12-14 17:43:30.850 [info] Getting sessions for all scopes...
2025-12-14 17:43:30.850 [info] Got 1 sessions for ...
2025-12-14 17:43:30.850 [info] Getting sessions for all scopes...
2025-12-14 17:43:30.850 [info] Got 1 sessions for ...
2025-12-14 17:43:30.859 [info] Getting sessions for user:email...
2025-12-14 17:43:30.859 [info] Got 1 sessions for user:email...
2025-12-14 17:43:30.874 [info] Getting sessions for read:user,repo,user:email,workflow...
2025-12-14 17:43:30.874 [info] Got 0 sessions for read:user,repo,user:email,workflow...
2025-12-14 17:43:30.930 [info] Getting sessions for user:email...
2025-12-14 17:43:30.930 [info] Got 1 sessions for user:email...
2025-12-14 17:43:30.931 [info] Getting sessions for read:user,repo,user:email,workflow...
2025-12-14 17:43:30.931 [info] Got 0 sessions for read:user,repo,user:email,workflow...
2025-12-14 17:43:31.705 [info] Getting sessions for all scopes...
2025-12-14 17:43:31.705 [info] Got 1 sessions for ...
2025-12-14 17:43:31.705 [info] Getting sessions for all scopes...
2025-12-14 17:43:31.705 [info] Got 1 sessions for ...
2025-12-14 17:43:31.737 [info] Getting sessions for read:user,repo,user:email,workflow...
2025-12-14 17:43:31.737 [info] Got 0 sessions for read:user,repo,user:email,workflow...
2025-12-14 17:43:31.741 [info] Getting sessions for user:email...
2025-12-14 17:43:31.741 [info] Got 1 sessions for user:email...
2025-12-14 17:43:31.741 [info] Getting sessions for read:user,repo,user:email,workflow...
2025-12-14 17:43:31.741 [info] Got 0 sessions for read:user,repo,user:email,workflow...
2025-12-14 17:43:31.804 [info] Getting sessions for all scopes...
2025-12-14 17:43:31.804 [info] Got 1 sessions for ...
2025-12-14 17:43:31.809 [info] Getting sessions for all scopes...
2025-12-14 17:43:31.809 [info] Got 1 sessions for ...
2025-12-14 17:43:31.813 [info] Getting sessions for all scopes...
2025-12-14 17:43:31.813 [info] Got 1 sessions for ...
2025-12-14 17:43:31.814 [info] Getting sessions for all scopes...
2025-12-14 17:43:31.814 [info] Got 1 sessions for ...
2025-12-14 17:43:31.820 [info] Getting sessions for read:user,repo,user:email,workflow...
2025-12-14 17:43:31.820 [info] Got 0 sessions for read:user,repo,user:email,workflow...
2025-12-14 17:43:31.821 [info] Getting sessions for user:email...
2025-12-14 17:43:31.821 [info] Got 1 sessions for user:email...
2025-12-14 17:43:31.821 [info] Getting sessions for read:user,repo,user:email,workflow...
2025-12-14 17:43:31.821 [info] Got 0 sessions for read:user,repo,user:email,workflow...
2025-12-14 17:43:32.212 [info] FetcherService: Electron fetch failed with status: 429 
2025-12-14 17:43:34.227 [info] FetcherService: Node fetch failed with status: 429 Too Many Requests
2025-12-14 17:43:34.600 [info] Getting sessions for all scopes...
2025-12-14 17:43:34.600 [info] Got 1 sessions for ...
2025-12-14 17:43:34.603 [info] Getting sessions for read:user,repo,user:email,workflow...
2025-12-14 17:43:34.603 [info] Got 0 sessions for read:user,repo,user:email,workflow...
2025-12-14 17:43:34.616 [info] Getting sessions for read:user,repo,user:email,workflow...
2025-12-14 17:43:34.616 [info] Got 0 sessions for read:user,repo,user:email,workflow...
2025-12-14 17:43:34.624 [info] Getting sessions for all scopes...
2025-12-14 17:43:34.624 [info] Got 1 sessions for ...
2025-12-14 17:43:34.625 [info] Getting sessions for read:user,repo,user:email,workflow...
2025-12-14 17:43:34.625 [info] Got 0 sessions for read:user,repo,user:email,workflow...
2025-12-14 17:43:34.626 [info] Getting sessions for user:email...
2025-12-14 17:43:34.626 [info] Got 1 sessions for user:email...
2025-12-14 17:43:36.560 [info] FetcherService: Node http/s failed with status: 429 Too Many Requests
2025-12-14 17:43:54.221 [info] Getting sessions for all scopes...
2025-12-14 17:43:54.221 [info] Got 1 sessions for ...
2025-12-14 17:43:54.224 [info] Getting sessions for all scopes...
2025-12-14 17:43:54.224 [info] Got 1 sessions for ...
